#
# A fatal error has been detected by the Java Runtime Environment:
#
#  SIGSEGV (0xb) at pc=0x00007211cd48b45e, pid=31996, tid=32026
#
# JRE version: OpenJDK Runtime Environment Temurin-17.0.12+7 (17.0.12+7) (build 17.0.12+7)
# Java VM: OpenJDK 64-Bit Server VM Temurin-17.0.12+7 (17.0.12+7, mixed mode, tiered, compressed oops, compressed class ptrs, parallel gc, linux-amd64)
# Problematic frame:
# V  [libjvm.so+0xc8b45e]  ParCompactionManager::follow_marking_stacks()+0x4ce
#
# Core dump will be written. Default location: Core dumps may be processed with "/usr/share/apport/apport -p%p -s%s -c%c -d%d -P%P -u%u -g%g -- %E" (or dumping to /home/rashmika/Paid Projects/JayathilakaRiceProducts_With printer/PaysheetPrinter_JayathilakaRiceProducts/core.31996)
#
# If you would like to submit a bug report, please visit:
#   https://github.com/adoptium/adoptium-support/issues
#

---------------  S U M M A R Y ------------

Command Line: --add-modules=ALL-SYSTEM --add-opens=java.base/java.util=ALL-UNNAMED --add-opens=java.base/java.lang=ALL-UNNAMED --add-opens=java.base/sun.nio.fs=ALL-UNNAMED -Declipse.application=org.eclipse.jdt.ls.core.id1 -Dosgi.bundles.defaultStartLevel=4 -Declipse.product=org.eclipse.jdt.ls.core.product -Djava.import.generatesMetadataFilesAtProjectRoot=false -DDetectVMInstallationsJob.disabled=true -Dfile.encoding=utf8 -XX:+UseParallelGC -XX:GCTimeRatio=4 -XX:AdaptiveSizePolicyWeight=90 -Dsun.zip.disableMemoryMapping=true -Xmx1G -Xms100m -Xlog:disable -javaagent:/home/rashmika/.vscode/extensions/redhat.java-1.35.1-linux-x64/lombok/lombok-1.18.33.jar -XX:+HeapDumpOnOutOfMemoryError -XX:HeapDumpPath=/home/rashmika/.config/Code/User/workspaceStorage/ebf93d7abb2c435aa9a1e64d6c76e27b/redhat.java -Daether.dependencyCollector.impl=bf /home/rashmika/.vscode/extensions/redhat.java-1.35.1-linux-x64/server/plugins/org.eclipse.equinox.launcher_1.6.900.v20240613-2009.jar -configuration /home/rashmika/.config/Code/User/globalStorage/redhat.java/1.35.1/config_linux -data /home/rashmika/.config/Code/User/workspaceStorage/ebf93d7abb2c435aa9a1e64d6c76e27b/redhat.java/jdt_ws --pipe=/run/user/1000/lsp-9ed22a9fc6cdb9b9b9971cc405e53054.sock

Host: Intel(R) Core(TM) i7-8565U CPU @ 1.80GHz, 8 cores, 19G, Ubuntu 22.04.5 LTS
Time: Sat Oct 19 12:15:28 2024 +0530 elapsed time: 42.398783 seconds (0d 0h 0m 42s)

---------------  T H R E A D  ---------------

Current thread (0x00007211a4003680):  GCTaskThread "GC Thread#3" [stack: 0x00007211a8f77000,0x00007211a9077000] [id=32026]

Stack: [0x00007211a8f77000,0x00007211a9077000],  sp=0x00007211a9075ac0,  free space=1018k
Native frames: (J=compiled Java code, j=interpreted, Vv=VM code, C=native code)
V  [libjvm.so+0xc8b45e]  ParCompactionManager::follow_marking_stacks()+0x4ce
V  [libjvm.so+0xc9c7b6]  steal_marking_work(TaskTerminator&, unsigned int)+0xd6
V  [libjvm.so+0xc9ff07]  MarkFromRootsTask::work(unsigned int)+0x417
V  [libjvm.so+0xf1cbbf]  GangWorker::loop()+0x5f
V  [libjvm.so+0xf1cc1f]
V  [libjvm.so+0xe6bcba]  Thread::call_run()+0xaa
V  [libjvm.so+0xc29c13]  thread_native_entry(Thread*)+0xe3


siginfo: si_signo: 11 (SIGSEGV), si_code: 128 (SI_KERNEL), si_addr: 0x0000000000000000

Registers:
RAX=0x00007211b4200000, RBX=0x00007211c812f520, RCX=0x0000000000000000, RDX=0x0000000000000001
RSP=0x00007211a9075ac0, RBP=0x00007211a9075ba0, RSI=0x007fffffffa01000, RDI=0x00007211cdb28420
R8 =0x00000000000000e8, R9 =0x00000000000036e0, R10=0x00000000c743da64, R11=0x00007211cdac5d28
R12=0x0000000000100000, R13=0x00000000c743db0c, R14=0x00007211cdb0c3ad, R15=0x0000000000200000
RIP=0x00007211cd48b45e, EFLAGS=0x0000000000010206, CSGSFS=0x002b000000000033, ERR=0x0000000000000000
  TRAPNO=0x000000000000000d


Register to memory mapping:

RAX=0x00007211b4200000 points into unknown readable memory: 0x000000000000a900 | 00 a9 00 00 00 00 00 00
RBX=0x00007211c812f520 points into unknown readable memory: 0x0000000000000000 | 00 00 00 00 00 00 00 00
RCX=0x0 is NULL
RDX=0x0000000000000001 is an unknown value
RSP=0x00007211a9075ac0 points into unknown readable memory: 0x00000000ca1d3838 | 38 38 1d ca 00 00 00 00
RBP=0x00007211a9075ba0 points into unknown readable memory: 0x00007211a9075c80 | 80 5c 07 a9 11 72 00 00
RSI=0x007fffffffa01000 is an unknown value
RDI=0x00007211cdb28420: <offset 0x0000000001328420> in /home/rashmika/.vscode/extensions/redhat.java-1.35.1-linux-x64/jre/17.0.12-linux-x86_64/lib/server/libjvm.so at 0x00007211cc800000
R8 =0x00000000000000e8 is an unknown value
R9 =0x00000000000036e0 is an unknown value
R10=0x00000000c743da64 is pointing into object: [[C 
{0x00000000c743d9e8} - klass: {type array char}[]
 - length: 69
R11=0x00007211cdac5d28: <offset 0x00000000012c5d28> in /home/rashmika/.vscode/extensions/redhat.java-1.35.1-linux-x64/jre/17.0.12-linux-x86_64/lib/server/libjvm.so at 0x00007211cc800000
R12=0x0000000000100000 is an unknown value
R13=0x00000000c743db0c is pointing into object: [[C 
{0x00000000c743d9e8} - klass: {type array char}[]
 - length: 69
R14=0x00007211cdb0c3ad: <offset 0x000000000130c3ad> in /home/rashmika/.vscode/extensions/redhat.java-1.35.1-linux-x64/jre/17.0.12-linux-x86_64/lib/server/libjvm.so at 0x00007211cc800000
R15=0x0000000000200000 is an unknown value


Top of Stack: (sp=0x00007211a9075ac0)
0x00007211a9075ac0:   00000000ca1d3838 00000000c743da44
0x00007211a9075ad0:   0000000000000000 0000000000000000
0x00007211a9075ae0:   0000000000000000 0000000000000000
0x00007211a9075af0:   00000000ca19f828 000000000000d000
0x00007211a9075b00:   0000000000000000 0000000000000000
0x00007211a9075b10:   0000000000000000 0000721124167e00
0x00007211a9075b20:   00007211c812f520 00007211cdb0c3ad
0x00007211a9075b30:   00007211a9075ba0 00007211cd49e853
0x00007211a9075b40:   0000040000000000 0000000000000004
0x00007211a9075b50:   00007211cda1cf08 00007211c80acaf0
0x00007211a9075b60:   0000721100000003 00007211c812f520
0x00007211a9075b70:   00007211a9075ba0 00007211c812f520
0x00007211a9075b80:   0000000000000020 00007211a9075c20
0x00007211a9075b90:   0000000000000004 0000000000000000
0x00007211a9075ba0:   00007211a9075c80 00007211cd49c7b6
0x00007211a9075bb0:   00000000ec6b6c10 0000000000000008
0x00007211a9075bc0:   00007211cda16408 00007211a9075be0
0x00007211a9075bd0:   00007211c812f520 00007211aa2f13b0
0x00007211a9075be0:   00007211cda1d048 00007211c812f520
0x00007211a9075bf0:   00007211cda16408 00007211a9075be0
0x00007211a9075c00:   0000000000002300 001be31ed53b9400
0x00007211a9075c10:   00000000cfaf3740 000072105c0010f0
0x00007211a9075c20:   00000000ccfe0630 0000000000000800
0x00007211a9075c30:   000072105c0011d8 00007211a9075cf0
0x00007211a9075c40:   00007211a9075c80 00007211cd669848
0x00007211a9075c50:   00007211a9075d50 0000000000000004
0x00007211a9075c60:   00007211a9075cf0 00007211a9075cec
0x00007211a9075c70:   00007211aa2f1370 00007211aa2f1370
0x00007211a9075c80:   00007211a9075d50 00007211cd49ff07
0x00007211a9075c90:   00007211aa2f14e0 00007211aa2f12b0
0x00007211a9075ca0:   000000040000000f 00007211aa2f1270
0x00007211a9075cb0:   00007211aa2f12b0 00007211a9075d00 

Instructions: (pc=0x00007211cd48b45e)
0x00007211cd48b35e:   05 6d d2 69 00 48 89 5d c8 48 8d 7d b0 48 8d 0d
0x00007211cd48b36e:   2e d0 69 00 c7 45 c0 03 00 00 00 4c 89 c6 48 8b
0x00007211cd48b37e:   00 48 89 45 b8 48 8d 05 7e 1b 59 00 48 89 45 b0
0x00007211cd48b38e:   48 63 42 0c ff 14 c1 e9 56 fc ff ff 66 0f 1f 44
0x00007211cd48b39e:   00 00 49 8b 50 08 81 7a 08 00 00 00 c0 7d af 3c
0x00007211cd48b3ae:   01 48 8d 15 f8 0f 68 00 48 19 c9 83 e1 08 3c 01
0x00007211cd48b3be:   48 19 c0 83 e0 04 80 3a 00 49 63 54 00 0c 0f 84
0x00007211cd48b3ce:   7e 01 00 00 48 81 fa 00 08 00 00 b8 00 08 00 00
0x00007211cd48b3de:   4d 8d 54 08 10 48 0f 46 c2 4d 8d 2c 82 48 39 c2
0x00007211cd48b3ee:   0f 87 0c 04 00 00 4d 39 ea 72 14 e9 f2 fb ff ff
0x00007211cd48b3fe:   66 90 49 83 c2 04 4d 39 d5 0f 86 e3 fb ff ff 45
0x00007211cd48b40e:   8b 3a 45 85 ff 74 eb 48 8d 05 14 9f 63 00 48 8b
0x00007211cd48b41e:   15 1d cf 69 00 8b 48 08 49 d3 e7 4c 03 38 4c 89
0x00007211cd48b42e:   f9 48 2b 0a 48 89 c8 48 8d 0d ec a8 63 00 48 c1
0x00007211cd48b43e:   e8 03 8b 09 48 d3 e8 48 89 c1 48 89 c6 48 8b 42
0x00007211cd48b44e:   10 ba 01 00 00 00 83 e1 3f 48 c1 ee 06 48 d3 e2
0x00007211cd48b45e:   48 23 14 f0 49 89 d4 75 99 41 0f b6 06 84 c0 0f
0x00007211cd48b46e:   84 dd 02 00 00 48 8d 35 a6 9e 63 00 41 8b 7f 08
0x00007211cd48b47e:   8b 4e 08 48 d3 e7 48 03 3e 8b 4f 08 85 c9 0f 8e
0x00007211cd48b48e:   76 02 00 00 f6 c1 01 74 1a 48 8b 07 48 8d 35 1f
0x00007211cd48b49e:   37 60 ff 48 8b 80 00 01 00 00 48 39 f0 0f 85 e9
0x00007211cd48b4ae:   05 00 00 c1 f9 03 4c 63 e1 48 8d 3d a2 cf 69 00
0x00007211cd48b4be:   4c 89 e2 4c 89 fe 4c 89 95 28 ff ff ff e8 40 a1
0x00007211cd48b4ce:   fb ff 4c 8b 95 28 ff ff ff 84 c0 0f 84 21 ff ff
0x00007211cd48b4de:   ff 48 8d 3d 3a cf 69 00 4c 89 e2 4c 89 fe e8 af
0x00007211cd48b4ee:   b8 00 00 8b 83 88 00 00 00 8b 8b 08 01 00 00 4c
0x00007211cd48b4fe:   8b 95 28 ff ff ff 89 c2 29 ca 81 e2 ff ff 01 00
0x00007211cd48b50e:   81 fa fd ff 01 00 0f 86 86 07 00 00 48 8b 83 a8
0x00007211cd48b51e:   02 00 00 48 3b 83 90 02 00 00 0f 84 11 0a 00 00
0x00007211cd48b52e:   48 8b 93 c0 02 00 00 48 8d 14 c2 48 83 c0 01 4c
0x00007211cd48b53e:   89 3a 48 89 83 a8 02 00 00 e9 b4 fe ff ff 0f 1f
0x00007211cd48b54e:   40 00 48 81 fa 00 08 00 00 b8 00 08 00 00 4d 8d 


Stack slot to memory mapping:
stack at sp + 0 slots: 0x00000000ca1d3838 is pointing into object: [[C 
{0x00000000ca19f828} - klass: {type array char}[]
 - length: 884733
stack at sp + 1 slots: 0x00000000c743da44 is pointing into object: [[C 
{0x00000000c743d9e8} - klass: {type array char}[]
 - length: 69
stack at sp + 2 slots: 0x0 is NULL
stack at sp + 3 slots: 0x0 is NULL
stack at sp + 4 slots: 0x0 is NULL
stack at sp + 5 slots: 0x0 is NULL
stack at sp + 6 slots: 0x00000000ca19f828 is an oop: [[C 
{0x00000000ca19f828} - klass: {type array char}[]
 - length: 884733
stack at sp + 7 slots: 0x000000000000d000 is an unknown value


---------------  P R O C E S S  ---------------

Threads class SMR info:
_java_thread_list=0x000072105c000b70, length=45, elements={
0x00007211c80293f0, 0x00007211c81e85f0, 0x00007211c81e9b70, 0x00007211c821afb0,
0x00007211c821e8a0, 0x00007211c821f840, 0x00007211c8220ea0, 0x00007211c8222360,
0x00007211c822b7a0, 0x00007211c82b17e0, 0x00007211c83a5a30, 0x00007211c85d13c0,
0x00007211c861c830, 0x00007211c861f6c0, 0x0000721124324f00, 0x000072112448db30,
0x0000721124167e70, 0x00007211241efed0, 0x00007211243c39d0, 0x00007211785b2c80,
0x00007211785e6af0, 0x00007211249fe7c0, 0x00007210fc0011c0, 0x00007211c83f4770,
0x00007211c88284e0, 0x00007211c8829140, 0x00007210fc0022d0, 0x00007210d80acad0,
0x00007210d80d36d0, 0x00007210d0000ff0, 0x00007210a4002740, 0x00007210e8021990,
0x0000721118006760, 0x000072109c002b40, 0x00007210b00046c0, 0x0000721098000d70,
0x0000721090000d70, 0x0000721190000eb0, 0x00007210fc1205f0, 0x00007210fc120e10,
0x00007210fc121980, 0x00007210fc1223a0, 0x00007210fc122f20, 0x00007210fc123f70,
0x00007210b409a130
}

Java Threads: ( => current thread )
  0x00007211c80293f0 JavaThread "main" [_thread_blocked, id=31997, stack(0x00007211cc619000,0x00007211cc719000)]
  0x00007211c81e85f0 JavaThread "Reference Handler" daemon [_thread_blocked, id=32000, stack(0x00007211aa0f2000,0x00007211aa1f2000)]
  0x00007211c81e9b70 JavaThread "Finalizer" daemon [_thread_blocked, id=32001, stack(0x00007211a9ff2000,0x00007211aa0f2000)]
  0x00007211c821afb0 JavaThread "Signal Dispatcher" daemon [_thread_blocked, id=32002, stack(0x00007211a9c7a000,0x00007211a9d7a000)]
  0x00007211c821e8a0 JavaThread "Service Thread" daemon [_thread_blocked, id=32003, stack(0x00007211a9b7a000,0x00007211a9c7a000)]
  0x00007211c821f840 JavaThread "Monitor Deflation Thread" daemon [_thread_blocked, id=32004, stack(0x00007211a9a7a000,0x00007211a9b7a000)]
  0x00007211c8220ea0 JavaThread "C2 CompilerThread0" daemon [_thread_blocked, id=32005, stack(0x00007211a997a000,0x00007211a9a7a000)]
  0x00007211c8222360 JavaThread "C1 CompilerThread0" daemon [_thread_blocked, id=32006, stack(0x00007211a987a000,0x00007211a997a000)]
  0x00007211c822b7a0 JavaThread "Sweeper thread" daemon [_thread_blocked, id=32007, stack(0x00007211a977a000,0x00007211a987a000)]
  0x00007211c82b17e0 JavaThread "Common-Cleaner" daemon [_thread_blocked, id=32008, stack(0x00007211a967a000,0x00007211a977a000)]
  0x00007211c83a5a30 JavaThread "Notification Thread" daemon [_thread_blocked, id=32011, stack(0x00007211a937a000,0x00007211a947a000)]
  0x00007211c85d13c0 JavaThread "Active Thread: Equinox Container: ac5b91a3-d09a-4644-9e71-1231da26bd95" [_thread_blocked, id=32038, stack(0x00007211a947a000,0x00007211a957a000)]
  0x00007211c861c830 JavaThread "Framework Event Dispatcher: Equinox Container: ac5b91a3-d09a-4644-9e71-1231da26bd95" daemon [_thread_blocked, id=32039, stack(0x00007211a8b73000,0x00007211a8c73000)]
  0x00007211c861f6c0 JavaThread "Start Level: Equinox Container: ac5b91a3-d09a-4644-9e71-1231da26bd95" daemon [_thread_blocked, id=32040, stack(0x00007211a8a73000,0x00007211a8b73000)]
  0x0000721124324f00 JavaThread "Bundle File Closer" daemon [_thread_blocked, id=32043, stack(0x00007211a8500000,0x00007211a8600000)]
  0x000072112448db30 JavaThread "SCR Component Actor" daemon [_thread_blocked, id=32044, stack(0x00007211a8400000,0x00007211a8500000)]
  0x0000721124167e70 JavaThread "Worker-JM" [_thread_blocked, id=32046, stack(0x00007211a957a000,0x00007211a967a000)]
  0x00007211241efed0 JavaThread "Worker-0" [_thread_blocked, id=32048, stack(0x00007211a8200000,0x00007211a8300000)]
  0x00007211243c39d0 JavaThread "Worker-1" [_thread_blocked, id=32049, stack(0x00007211a8100000,0x00007211a8200000)]
  0x00007211785b2c80 JavaThread "C2 CompilerThread1" daemon [_thread_blocked, id=32065, stack(0x00007211a8300000,0x00007211a8400000)]
  0x00007211785e6af0 JavaThread "C2 CompilerThread2" daemon [_thread_blocked, id=32066, stack(0x00007211a8000000,0x00007211a8100000)]
  0x00007211249fe7c0 JavaThread "Java indexing" daemon [_thread_blocked, id=32071, stack(0x00007211a3d2e000,0x00007211a3e2e000)]
  0x00007210fc0011c0 JavaThread "Worker-2" [_thread_blocked, id=32072, stack(0x00007211a3c2e000,0x00007211a3d2e000)]
  0x00007211c83f4770 JavaThread "pool-2-thread-1" [_thread_blocked, id=32073, stack(0x00007211a3f00000,0x00007211a4000000)]
  0x00007211c88284e0 JavaThread "WorkspaceEventsHandler" [_thread_blocked, id=32074, stack(0x00007211a3b2e000,0x00007211a3c2e000)]
  0x00007211c8829140 JavaThread "pool-1-thread-1" [_thread_in_native, id=32075, stack(0x00007211a3a2e000,0x00007211a3b2e000)]
  0x00007210fc0022d0 JavaThread "Worker-3: Java indexing... " [_thread_blocked, id=32077, stack(0x00007211a392e000,0x00007211a3a2e000)]
  0x00007210d80acad0 JavaThread "ForkJoinPool.commonPool-worker-1" daemon [_thread_blocked, id=32080, stack(0x00007211a8872000,0x00007211a8972000)]
  0x00007210d80d36d0 JavaThread "ForkJoinPool.commonPool-worker-2" daemon [_thread_blocked, id=32086, stack(0x00007211a382e000,0x00007211a392e000)]
  0x00007210d0000ff0 JavaThread "Worker-4" [_thread_blocked, id=32121, stack(0x00007211a332e000,0x00007211a342e000)]
  0x00007210a4002740 JavaThread "Worker-5" [_thread_blocked, id=32122, stack(0x00007211a362e000,0x00007211a372e000)]
  0x00007210e8021990 JavaThread "Worker-6" [_thread_blocked, id=32123, stack(0x00007211a342e000,0x00007211a352e000)]
  0x0000721118006760 JavaThread "ForkJoinPool.commonPool-worker-3" daemon [_thread_blocked, id=32124, stack(0x00007211a322e000,0x00007211a332e000)]
  0x000072109c002b40 JavaThread "ForkJoinPool.commonPool-worker-4" daemon [_thread_blocked, id=32125, stack(0x00007211a352e000,0x00007211a362e000)]
  0x00007210b00046c0 JavaThread "ForkJoinPool.commonPool-worker-5" daemon [_thread_blocked, id=32126, stack(0x00007211a312e000,0x00007211a322e000)]
  0x0000721098000d70 JavaThread "ForkJoinPool.commonPool-worker-6" daemon [_thread_blocked, id=32127, stack(0x00007211a302e000,0x00007211a312e000)]
  0x0000721090000d70 JavaThread "ForkJoinPool.commonPool-worker-7" daemon [_thread_blocked, id=32128, stack(0x00007211a2f2e000,0x00007211a302e000)]
  0x0000721190000eb0 JavaThread "Attach Listener" daemon [_thread_blocked, id=32153, stack(0x00007211a2c2e000,0x00007211a2d2e000)]
  0x00007210fc1205f0 JavaThread "Compiler Source File Reader" daemon [_thread_blocked, id=32188, stack(0x00007211a372e000,0x00007211a382e000)]
  0x00007210fc120e10 JavaThread "Compiler Source File Reader" daemon [_thread_blocked, id=32189, stack(0x00007211a2d2e000,0x00007211a2e2e000)]
  0x00007210fc121980 JavaThread "Compiler Source File Reader" daemon [_thread_blocked, id=32190, stack(0x00007211a2b2e000,0x00007211a2c2e000)]
  0x00007210fc1223a0 JavaThread "Compiler Source File Reader" daemon [_thread_blocked, id=32191, stack(0x00007211a2e2e000,0x00007211a2f2e000)]
  0x00007210fc122f20 JavaThread "Compiler Source File Reader" daemon [_thread_blocked, id=32192, stack(0x00007211a2a2e000,0x00007211a2b2e000)]
  0x00007210fc123f70 JavaThread "Compiler Source File Reader" daemon [_thread_blocked, id=32193, stack(0x00007211a292e000,0x00007211a2a2e000)]
  0x00007210b409a130 JavaThread "Compiler Processing Task" daemon [_thread_blocked, id=32217, stack(0x00007211a282e000,0x00007211a292e000)]

Other Threads:
  0x00007211c806a4b0 VMThread "VM Thread" [stack: 0x00007211aa1f3000,0x00007211aa2f3000] [id=31999]
  0x00007211c8347740 WatcherThread [stack: 0x00007211a927a000,0x00007211a937a000] [id=32012]
  0x00007211c8040dc0 GCTaskThread "GC Thread#0" [stack: 0x00007211cc100000,0x00007211cc200000] [id=31998]
  0x00007211a4001270 GCTaskThread "GC Thread#1" [stack: 0x00007211a9179000,0x00007211a9279000] [id=32024]
  0x00007211a4002e80 GCTaskThread "GC Thread#2" [stack: 0x00007211a9078000,0x00007211a9178000] [id=32025]
=>0x00007211a4003680 GCTaskThread "GC Thread#3" [stack: 0x00007211a8f77000,0x00007211a9077000] [id=32026]
  0x00007211a4004040 GCTaskThread "GC Thread#4" [stack: 0x00007211a8e76000,0x00007211a8f76000] [id=32027]
  0x00007211a4004a00 GCTaskThread "GC Thread#5" [stack: 0x00007211a8d75000,0x00007211a8e75000] [id=32028]
  0x00007211a40053c0 GCTaskThread "GC Thread#6" [stack: 0x00007211a8c74000,0x00007211a8d74000] [id=32029]
  0x00007211a4006840 GCTaskThread "GC Thread#7" [stack: 0x00007211a8973000,0x00007211a8a73000] [id=32041]

Threads with active compile tasks:
C2 CompilerThread1    42432 12587       4       jdk.internal.jimage.ImageReader$SharedImageReader::getResource (44 bytes)
C2 CompilerThread2    42432 12588       4       jdk.internal.jrtfs.SystemImage$1::getResource (9 bytes)

VM state: at safepoint (normal execution)

VM Mutex/Monitor currently owned by a thread:  ([mutex/lock_event])
[0x00007211c80261e0] Threads_lock - owner thread: 0x00007211c806a4b0
[0x00007211c8026990] Heap_lock - owner thread: 0x00007211249fe7c0

Heap address: 0x00000000c0000000, size: 1024 MB, Compressed Oops mode: 32-bit

CDS archive(s) not mapped
Compressed class space mapped at: 0x0000000100000000-0x0000000140000000, reserved size: 1073741824
Narrow klass base: 0x0000000000000000, Narrow klass shift: 3, Narrow klass range: 0x140000000

GC Precious Log:
 CPUs: 8 total, 8 available
 Memory: 19856M
 Large Page Support: Disabled
 NUMA Support: Disabled
 Compressed Oops: Enabled (32-bit)
 Alignments: Space 512K, Generation 512K, Heap 2M
 Heap Min Capacity: 100M
 Heap Initial Capacity: 100M
 Heap Max Capacity: 1G
 Pre-touch: Disabled
 Parallel Workers: 8

Heap:
 PSYoungGen      total 29184K, used 5279K [0x00000000eab00000, 0x00000000ecd00000, 0x0000000100000000)
  eden space 23552K, 0% used [0x00000000eab00000,0x00000000eab00000,0x00000000ec200000)
  from space 5632K, 93% used [0x00000000ec200000,0x00000000ec727cd0,0x00000000ec780000)
  to   space 5632K, 0% used [0x00000000ec780000,0x00000000ec780000,0x00000000ecd00000)
 ParOldGen       total 275968K, used 271241K [0x00000000c0000000, 0x00000000d0d80000, 0x00000000eab00000)
  object space 275968K, 98% used [0x00000000c0000000,0x00000000d08e2790,0x00000000d0d80000)
 Metaspace       used 71673K, committed 72960K, reserved 1114112K
  class space    used 7508K, committed 8128K, reserved 1048576K

Card table byte_map: [0x00007211cc200000,0x00007211cc401000] _byte_map_base: 0x00007211cbc00000

Marking Bits: (ParMarkBitMap*) 0x00007211cdb28460
 Begin Bits: [0x00007211b4200000, 0x00007211b5200000)
 End Bits:   [0x00007211b5200000, 0x00007211b6200000)

Polling page: 0x00007211cde63000

Metaspace:

Usage:
  Non-class:     62.66 MB used.
      Class:      7.33 MB used.
       Both:     69.99 MB used.

Virtual space:
  Non-class space:       64.00 MB reserved,      63.31 MB ( 99%) committed,  1 nodes.
      Class space:        1.00 GB reserved,       7.94 MB ( <1%) committed,  1 nodes.
             Both:        1.06 GB reserved,      71.25 MB (  7%) committed. 

Chunk freelists:
   Non-Class:  640.00 KB
       Class:  8.11 MB
        Both:  8.73 MB

MaxMetaspaceSize: unlimited
CompressedClassSpaceSize: 1.00 GB
Initial GC threshold: 21.00 MB
Current GC threshold: 116.69 MB
CDS: off
MetaspaceReclaimPolicy: balanced
 - commit_granule_bytes: 65536.
 - commit_granule_words: 8192.
 - virtual_space_node_default_size: 8388608.
 - enlarge_chunks_in_place: 1.
 - new_chunks_are_fully_committed: 0.
 - uncommit_free_chunks: 1.
 - use_allocation_guard: 0.
 - handle_deallocations: 1.


Internal statistics:

num_allocs_failed_limit: 11.
num_arena_births: 928.
num_arena_deaths: 22.
num_vsnodes_births: 2.
num_vsnodes_deaths: 0.
num_space_committed: 1140.
num_space_uncommitted: 0.
num_chunks_returned_to_freelist: 35.
num_chunks_taken_from_freelist: 4044.
num_chunk_merges: 12.
num_chunk_splits: 2450.
num_chunks_enlarged: 1331.
num_inconsistent_stats: 0.

CodeHeap 'non-profiled nmethods': size=120028Kb used=5845Kb max_used=5993Kb free=114182Kb
 bounds [0x00007211bdcc9000, 0x00007211be2d9000, 0x00007211c5200000]
CodeHeap 'profiled nmethods': size=120028Kb used=19756Kb max_used=22051Kb free=100272Kb
 bounds [0x00007211b6200000, 0x00007211b7790000, 0x00007211bd737000]
CodeHeap 'non-nmethods': size=5704Kb used=1354Kb max_used=1482Kb free=4349Kb
 bounds [0x00007211bd737000, 0x00007211bd9a7000, 0x00007211bdcc9000]
 total_blobs=10604 nmethods=9907 adapters=610
 compilation: enabled
              stopped_count=0, restarted_count=0
 full_count=0

Compilation events (20 events):
Event: 42.255 Thread 0x00007211c8220ea0 12562       4       org.eclipse.jdt.internal.compiler.classfmt.AnnotationInfo::<init> (32 bytes)
Event: 42.259 Thread 0x00007211c8220ea0 nmethod 12562 0x00007211bdf17110 code [0x00007211bdf172a0, 0x00007211bdf17398]
Event: 42.259 Thread 0x00007211c8220ea0 11743       4       org.eclipse.jdt.internal.core.search.matching.ConstructorPattern::createDefaultDeclarationIndexKey (13 bytes)
Event: 42.261 Thread 0x00007211c8220ea0 nmethod 11743 0x00007211be106c90 code [0x00007211be106e20, 0x00007211be106ec8]
Event: 42.261 Thread 0x00007211c8220ea0 11978       4       org.eclipse.jdt.internal.compiler.lookup.MethodBinding::original (2 bytes)
Event: 42.262 Thread 0x00007211c8220ea0 nmethod 11978 0x00007211be0a0590 code [0x00007211be0a0700, 0x00007211be0a0778]
Event: 42.262 Thread 0x00007211c8220ea0 11959       4       org.eclipse.jdt.internal.compiler.lookup.TypeBinding::leafComponentType (2 bytes)
Event: 42.262 Thread 0x00007211c8220ea0 nmethod 11959 0x00007211be0a0290 code [0x00007211be0a0400, 0x00007211be0a0478]
Event: 42.262 Thread 0x00007211c8220ea0 10154       4       java.util.Collections$EmptyList::toArray (5 bytes)
Event: 42.264 Thread 0x00007211c8220ea0 nmethod 10154 0x00007211be09ff10 code [0x00007211be0a00a0, 0x00007211be0a0198]
Event: 42.265 Thread 0x00007211c8220ea0 12192       4       org.eclipse.core.internal.events.ResourceDelta::getKind (9 bytes)
Event: 42.266 Thread 0x00007211c8220ea0 nmethod 12192 0x00007211be09fc10 code [0x00007211be09fda0, 0x00007211be09fe38]
Event: 42.266 Thread 0x00007211c8220ea0 12053       4       org.eclipse.jdt.internal.compiler.ClassFile::u2At (29 bytes)
Event: 42.268 Thread 0x00007211c8220ea0 nmethod 12053 0x00007211be09f890 code [0x00007211be09fa20, 0x00007211be09faf8]
Event: 42.268 Thread 0x00007211c8220ea0 9247       4       org.eclipse.sisu.wire.NamedIterableAdapter$NamedEntry::getValue (10 bytes)
Event: 42.269 Thread 0x00007211c8220ea0 nmethod 9247 0x00007211be09f510 code [0x00007211be09f6a0, 0x00007211be09f738]
Event: 42.269 Thread 0x00007211c8220ea0 12300       4       java.util.stream.MatchOps$MatchOp::getOpFlags (8 bytes)
Event: 42.270 Thread 0x00007211c8220ea0 nmethod 12300 0x00007211bdf9b390 code [0x00007211bdf9b500, 0x00007211bdf9b578]
Event: 42.270 Thread 0x00007211c8220ea0 12538       4       java.util.regex.Pattern$SliceNode::study (37 bytes)
Event: 42.272 Thread 0x00007211c8220ea0 nmethod 12538 0x00007211bdf9b010 code [0x00007211bdf9b1a0, 0x00007211bdf9b278]

GC Heap History (20 events):
Event: 40.373 GC heap after
{Heap after GC invocations=151 (full 9):
 PSYoungGen      total 28160K, used 8697K [0x00000000eab00000, 0x00000000edc80000, 0x0000000100000000)
  eden space 19456K, 0% used [0x00000000eab00000,0x00000000eab00000,0x00000000ebe00000)
  from space 8704K, 99% used [0x00000000ecb00000,0x00000000ed37e670,0x00000000ed380000)
  to   space 13312K, 0% used [0x00000000ebe00000,0x00000000ebe00000,0x00000000ecb00000)
 ParOldGen       total 275968K, used 232646K [0x00000000c0000000, 0x00000000d0d80000, 0x00000000eab00000)
  object space 275968K, 84% used [0x00000000c0000000,0x00000000ce3318c8,0x00000000d0d80000)
 Metaspace       used 71671K, committed 72960K, reserved 1114112K
  class space    used 7508K, committed 8128K, reserved 1048576K
}
Event: 40.570 GC heap before
{Heap before GC invocations=152 (full 9):
 PSYoungGen      total 28160K, used 28153K [0x00000000eab00000, 0x00000000edc80000, 0x0000000100000000)
  eden space 19456K, 100% used [0x00000000eab00000,0x00000000ebe00000,0x00000000ebe00000)
  from space 8704K, 99% used [0x00000000ecb00000,0x00000000ed37e670,0x00000000ed380000)
  to   space 13312K, 0% used [0x00000000ebe00000,0x00000000ebe00000,0x00000000ecb00000)
 ParOldGen       total 275968K, used 232646K [0x00000000c0000000, 0x00000000d0d80000, 0x00000000eab00000)
  object space 275968K, 84% used [0x00000000c0000000,0x00000000ce3318c8,0x00000000d0d80000)
 Metaspace       used 71671K, committed 72960K, reserved 1114112K
  class space    used 7508K, committed 8128K, reserved 1048576K
}
Event: 40.596 GC heap after
{Heap after GC invocations=152 (full 9):
 PSYoungGen      total 28160K, used 8520K [0x00000000eab00000, 0x00000000ed100000, 0x0000000100000000)
  eden space 19456K, 0% used [0x00000000eab00000,0x00000000eab00000,0x00000000ebe00000)
  from space 8704K, 97% used [0x00000000ebe00000,0x00000000ec652120,0x00000000ec680000)
  to   space 9728K, 0% used [0x00000000ec780000,0x00000000ec780000,0x00000000ed100000)
 ParOldGen       total 275968K, used 237180K [0x00000000c0000000, 0x00000000d0d80000, 0x00000000eab00000)
  object space 275968K, 85% used [0x00000000c0000000,0x00000000ce79f378,0x00000000d0d80000)
 Metaspace       used 71671K, committed 72960K, reserved 1114112K
  class space    used 7508K, committed 8128K, reserved 1048576K
}
Event: 40.790 GC heap before
{Heap before GC invocations=153 (full 9):
 PSYoungGen      total 28160K, used 27976K [0x00000000eab00000, 0x00000000ed100000, 0x0000000100000000)
  eden space 19456K, 100% used [0x00000000eab00000,0x00000000ebe00000,0x00000000ebe00000)
  from space 8704K, 97% used [0x00000000ebe00000,0x00000000ec652120,0x00000000ec680000)
  to   space 9728K, 0% used [0x00000000ec780000,0x00000000ec780000,0x00000000ed100000)
 ParOldGen       total 275968K, used 237180K [0x00000000c0000000, 0x00000000d0d80000, 0x00000000eab00000)
  object space 275968K, 85% used [0x00000000c0000000,0x00000000ce79f378,0x00000000d0d80000)
 Metaspace       used 71671K, committed 72960K, reserved 1114112K
  class space    used 7508K, committed 8128K, reserved 1048576K
}
Event: 40.809 GC heap after
{Heap after GC invocations=153 (full 9):
 PSYoungGen      total 25600K, used 9711K [0x00000000eab00000, 0x00000000ed800000, 0x0000000100000000)
  eden space 15872K, 0% used [0x00000000eab00000,0x00000000eab00000,0x00000000eba80000)
  from space 9728K, 99% used [0x00000000ec780000,0x00000000ed0fbc78,0x00000000ed100000)
  to   space 13312K, 0% used [0x00000000eba80000,0x00000000eba80000,0x00000000ec780000)
 ParOldGen       total 275968K, used 239919K [0x00000000c0000000, 0x00000000d0d80000, 0x00000000eab00000)
  object space 275968K, 86% used [0x00000000c0000000,0x00000000cea4bf10,0x00000000d0d80000)
 Metaspace       used 71671K, committed 72960K, reserved 1114112K
  class space    used 7508K, committed 8128K, reserved 1048576K
}
Event: 40.993 GC heap before
{Heap before GC invocations=154 (full 9):
 PSYoungGen      total 25600K, used 25583K [0x00000000eab00000, 0x00000000ed800000, 0x0000000100000000)
  eden space 15872K, 100% used [0x00000000eab00000,0x00000000eba80000,0x00000000eba80000)
  from space 9728K, 99% used [0x00000000ec780000,0x00000000ed0fbc78,0x00000000ed100000)
  to   space 13312K, 0% used [0x00000000eba80000,0x00000000eba80000,0x00000000ec780000)
 ParOldGen       total 275968K, used 239919K [0x00000000c0000000, 0x00000000d0d80000, 0x00000000eab00000)
  object space 275968K, 86% used [0x00000000c0000000,0x00000000cea4bf10,0x00000000d0d80000)
 Metaspace       used 71671K, committed 72960K, reserved 1114112K
  class space    used 7508K, committed 8128K, reserved 1048576K
}
Event: 41.028 GC heap after
{Heap after GC invocations=154 (full 9):
 PSYoungGen      total 23040K, used 6995K [0x00000000eab00000, 0x00000000ece80000, 0x0000000100000000)
  eden space 15872K, 0% used [0x00000000eab00000,0x00000000eab00000,0x00000000eba80000)
  from space 7168K, 97% used [0x00000000eba80000,0x00000000ec154d68,0x00000000ec180000)
  to   space 9216K, 0% used [0x00000000ec580000,0x00000000ec580000,0x00000000ece80000)
 ParOldGen       total 275968K, used 246301K [0x00000000c0000000, 0x00000000d0d80000, 0x00000000eab00000)
  object space 275968K, 89% used [0x00000000c0000000,0x00000000cf087460,0x00000000d0d80000)
 Metaspace       used 71671K, committed 72960K, reserved 1114112K
  class space    used 7508K, committed 8128K, reserved 1048576K
}
Event: 41.218 GC heap before
{Heap before GC invocations=155 (full 9):
 PSYoungGen      total 23040K, used 22867K [0x00000000eab00000, 0x00000000ece80000, 0x0000000100000000)
  eden space 15872K, 100% used [0x00000000eab00000,0x00000000eba80000,0x00000000eba80000)
  from space 7168K, 97% used [0x00000000eba80000,0x00000000ec154d68,0x00000000ec180000)
  to   space 9216K, 0% used [0x00000000ec580000,0x00000000ec580000,0x00000000ece80000)
 ParOldGen       total 275968K, used 246301K [0x00000000c0000000, 0x00000000d0d80000, 0x00000000eab00000)
  object space 275968K, 89% used [0x00000000c0000000,0x00000000cf087460,0x00000000d0d80000)
 Metaspace       used 71671K, committed 72960K, reserved 1114112K
  class space    used 7508K, committed 8128K, reserved 1048576K
}
Event: 41.238 GC heap after
{Heap after GC invocations=155 (full 9):
 PSYoungGen      total 25600K, used 9198K [0x00000000eab00000, 0x00000000ed180000, 0x0000000100000000)
  eden space 16384K, 0% used [0x00000000eab00000,0x00000000eab00000,0x00000000ebb00000)
  from space 9216K, 99% used [0x00000000ec580000,0x00000000ece7bb78,0x00000000ece80000)
  to   space 10752K, 0% used [0x00000000ebb00000,0x00000000ebb00000,0x00000000ec580000)
 ParOldGen       total 275968K, used 247082K [0x00000000c0000000, 0x00000000d0d80000, 0x00000000eab00000)
  object space 275968K, 89% used [0x00000000c0000000,0x00000000cf14a948,0x00000000d0d80000)
 Metaspace       used 71671K, committed 72960K, reserved 1114112K
  class space    used 7508K, committed 8128K, reserved 1048576K
}
Event: 41.405 GC heap before
{Heap before GC invocations=156 (full 9):
 PSYoungGen      total 25600K, used 25582K [0x00000000eab00000, 0x00000000ed180000, 0x0000000100000000)
  eden space 16384K, 100% used [0x00000000eab00000,0x00000000ebb00000,0x00000000ebb00000)
  from space 9216K, 99% used [0x00000000ec580000,0x00000000ece7bb78,0x00000000ece80000)
  to   space 10752K, 0% used [0x00000000ebb00000,0x00000000ebb00000,0x00000000ec580000)
 ParOldGen       total 275968K, used 247082K [0x00000000c0000000, 0x00000000d0d80000, 0x00000000eab00000)
  object space 275968K, 89% used [0x00000000c0000000,0x00000000cf14a948,0x00000000d0d80000)
 Metaspace       used 71671K, committed 72960K, reserved 1114112K
  class space    used 7508K, committed 8128K, reserved 1048576K
}
Event: 41.444 GC heap after
{Heap after GC invocations=156 (full 9):
 PSYoungGen      total 23552K, used 6742K [0x00000000eab00000, 0x00000000ecd00000, 0x0000000100000000)
  eden space 16384K, 0% used [0x00000000eab00000,0x00000000eab00000,0x00000000ebb00000)
  from space 7168K, 94% used [0x00000000ebb00000,0x00000000ec195850,0x00000000ec200000)
  to   space 8192K, 0% used [0x00000000ec500000,0x00000000ec500000,0x00000000ecd00000)
 ParOldGen       total 275968K, used 252992K [0x00000000c0000000, 0x00000000d0d80000, 0x00000000eab00000)
  object space 275968K, 91% used [0x00000000c0000000,0x00000000cf710208,0x00000000d0d80000)
 Metaspace       used 71671K, committed 72960K, reserved 1114112K
  class space    used 7508K, committed 8128K, reserved 1048576K
}
Event: 41.586 GC heap before
{Heap before GC invocations=157 (full 9):
 PSYoungGen      total 23552K, used 23126K [0x00000000eab00000, 0x00000000ecd00000, 0x0000000100000000)
  eden space 16384K, 100% used [0x00000000eab00000,0x00000000ebb00000,0x00000000ebb00000)
  from space 7168K, 94% used [0x00000000ebb00000,0x00000000ec195850,0x00000000ec200000)
  to   space 8192K, 0% used [0x00000000ec500000,0x00000000ec500000,0x00000000ecd00000)
 ParOldGen       total 275968K, used 252992K [0x00000000c0000000, 0x00000000d0d80000, 0x00000000eab00000)
  object space 275968K, 91% used [0x00000000c0000000,0x00000000cf710208,0x00000000d0d80000)
 Metaspace       used 71671K, committed 72960K, reserved 1114112K
  class space    used 7508K, committed 8128K, reserved 1048576K
}
Event: 41.597 GC heap after
{Heap after GC invocations=157 (full 9):
 PSYoungGen      total 26112K, used 7431K [0x00000000eab00000, 0x00000000ecc80000, 0x0000000100000000)
  eden space 18432K, 0% used [0x00000000eab00000,0x00000000eab00000,0x00000000ebd00000)
  from space 7680K, 96% used [0x00000000ec500000,0x00000000ecc41ce0,0x00000000ecc80000)
  to   space 7680K, 0% used [0x00000000ebd80000,0x00000000ebd80000,0x00000000ec500000)
 ParOldGen       total 275968K, used 255814K [0x00000000c0000000, 0x00000000d0d80000, 0x00000000eab00000)
  object space 275968K, 92% used [0x00000000c0000000,0x00000000cf9d18b0,0x00000000d0d80000)
 Metaspace       used 71671K, committed 72960K, reserved 1114112K
  class space    used 7508K, committed 8128K, reserved 1048576K
}
Event: 41.743 GC heap before
{Heap before GC invocations=158 (full 9):
 PSYoungGen      total 26112K, used 25863K [0x00000000eab00000, 0x00000000ecc80000, 0x0000000100000000)
  eden space 18432K, 100% used [0x00000000eab00000,0x00000000ebd00000,0x00000000ebd00000)
  from space 7680K, 96% used [0x00000000ec500000,0x00000000ecc41ce0,0x00000000ecc80000)
  to   space 7680K, 0% used [0x00000000ebd80000,0x00000000ebd80000,0x00000000ec500000)
 ParOldGen       total 275968K, used 255814K [0x00000000c0000000, 0x00000000d0d80000, 0x00000000eab00000)
  object space 275968K, 92% used [0x00000000c0000000,0x00000000cf9d18b0,0x00000000d0d80000)
 Metaspace       used 71671K, committed 72960K, reserved 1114112K
  class space    used 7508K, committed 8128K, reserved 1048576K
}
Event: 41.755 GC heap after
{Heap after GC invocations=158 (full 9):
 PSYoungGen      total 26624K, used 7667K [0x00000000eab00000, 0x00000000ed800000, 0x0000000100000000)
  eden space 18944K, 0% used [0x00000000eab00000,0x00000000eab00000,0x00000000ebd80000)
  from space 7680K, 99% used [0x00000000ebd80000,0x00000000ec4fcc88,0x00000000ec500000)
  to   space 12800K, 0% used [0x00000000ecb80000,0x00000000ecb80000,0x00000000ed800000)
 ParOldGen       total 275968K, used 259777K [0x00000000c0000000, 0x00000000d0d80000, 0x00000000eab00000)
  object space 275968K, 94% used [0x00000000c0000000,0x00000000cfdb0508,0x00000000d0d80000)
 Metaspace       used 71671K, committed 72960K, reserved 1114112K
  class space    used 7508K, committed 8128K, reserved 1048576K
}
Event: 41.906 GC heap before
{Heap before GC invocations=159 (full 9):
 PSYoungGen      total 26624K, used 26611K [0x00000000eab00000, 0x00000000ed800000, 0x0000000100000000)
  eden space 18944K, 100% used [0x00000000eab00000,0x00000000ebd80000,0x00000000ebd80000)
  from space 7680K, 99% used [0x00000000ebd80000,0x00000000ec4fcc88,0x00000000ec500000)
  to   space 12800K, 0% used [0x00000000ecb80000,0x00000000ecb80000,0x00000000ed800000)
 ParOldGen       total 275968K, used 259777K [0x00000000c0000000, 0x00000000d0d80000, 0x00000000eab00000)
  object space 275968K, 94% used [0x00000000c0000000,0x00000000cfdb0508,0x00000000d0d80000)
 Metaspace       used 71673K, committed 72960K, reserved 1114112K
  class space    used 7508K, committed 8128K, reserved 1048576K
}
Event: 41.930 GC heap after
{Heap after GC invocations=159 (full 9):
 PSYoungGen      total 25600K, used 4500K [0x00000000eab00000, 0x00000000ed000000, 0x0000000100000000)
  eden space 20992K, 0% used [0x00000000eab00000,0x00000000eab00000,0x00000000ebf80000)
  from space 4608K, 97% used [0x00000000ecb80000,0x00000000ecfe5120,0x00000000ed000000)
  to   space 7168K, 0% used [0x00000000ec200000,0x00000000ec200000,0x00000000ec900000)
 ParOldGen       total 275968K, used 267103K [0x00000000c0000000, 0x00000000d0d80000, 0x00000000eab00000)
  object space 275968K, 96% used [0x00000000c0000000,0x00000000d04d7d68,0x00000000d0d80000)
 Metaspace       used 71673K, committed 72960K, reserved 1114112K
  class space    used 7508K, committed 8128K, reserved 1048576K
}
Event: 42.273 GC heap before
{Heap before GC invocations=160 (full 9):
 PSYoungGen      total 25600K, used 25492K [0x00000000eab00000, 0x00000000ed000000, 0x0000000100000000)
  eden space 20992K, 100% used [0x00000000eab00000,0x00000000ebf80000,0x00000000ebf80000)
  from space 4608K, 97% used [0x00000000ecb80000,0x00000000ecfe5120,0x00000000ed000000)
  to   space 7168K, 0% used [0x00000000ec200000,0x00000000ec200000,0x00000000ec900000)
 ParOldGen       total 275968K, used 267103K [0x00000000c0000000, 0x00000000d0d80000, 0x00000000eab00000)
  object space 275968K, 96% used [0x00000000c0000000,0x00000000d04d7d68,0x00000000d0d80000)
 Metaspace       used 71673K, committed 72960K, reserved 1114112K
  class space    used 7508K, committed 8128K, reserved 1048576K
}
Event: 42.301 GC heap after
{Heap after GC invocations=160 (full 9):
 PSYoungGen      total 29184K, used 5279K [0x00000000eab00000, 0x00000000ecd00000, 0x0000000100000000)
  eden space 23552K, 0% used [0x00000000eab00000,0x00000000eab00000,0x00000000ec200000)
  from space 5632K, 93% used [0x00000000ec200000,0x00000000ec727cd0,0x00000000ec780000)
  to   space 5632K, 0% used [0x00000000ec780000,0x00000000ec780000,0x00000000ecd00000)
 ParOldGen       total 275968K, used 271241K [0x00000000c0000000, 0x00000000d0d80000, 0x00000000eab00000)
  object space 275968K, 98% used [0x00000000c0000000,0x00000000d08e2790,0x00000000d0d80000)
 Metaspace       used 71673K, committed 72960K, reserved 1114112K
  class space    used 7508K, committed 8128K, reserved 1048576K
}
Event: 42.301 GC heap before
{Heap before GC invocations=161 (full 10):
 PSYoungGen      total 29184K, used 5279K [0x00000000eab00000, 0x00000000ecd00000, 0x0000000100000000)
  eden space 23552K, 0% used [0x00000000eab00000,0x00000000eab00000,0x00000000ec200000)
  from space 5632K, 93% used [0x00000000ec200000,0x00000000ec727cd0,0x00000000ec780000)
  to   space 5632K, 0% used [0x00000000ec780000,0x00000000ec780000,0x00000000ecd00000)
 ParOldGen       total 275968K, used 271241K [0x00000000c0000000, 0x00000000d0d80000, 0x00000000eab00000)
  object space 275968K, 98% used [0x00000000c0000000,0x00000000d08e2790,0x00000000d0d80000)
 Metaspace       used 71673K, committed 72960K, reserved 1114112K
  class space    used 7508K, committed 8128K, reserved 1048576K
}

Dll operation events (9 events):
Event: 0.010 Loaded shared library /home/rashmika/.vscode/extensions/redhat.java-1.35.1-linux-x64/jre/17.0.12-linux-x86_64/lib/libjava.so
Event: 0.441 Loaded shared library /home/rashmika/.vscode/extensions/redhat.java-1.35.1-linux-x64/jre/17.0.12-linux-x86_64/lib/libzip.so
Event: 0.444 Loaded shared library /home/rashmika/.vscode/extensions/redhat.java-1.35.1-linux-x64/jre/17.0.12-linux-x86_64/lib/libinstrument.so
Event: 0.466 Loaded shared library /home/rashmika/.vscode/extensions/redhat.java-1.35.1-linux-x64/jre/17.0.12-linux-x86_64/lib/libnio.so
Event: 0.488 Loaded shared library /home/rashmika/.vscode/extensions/redhat.java-1.35.1-linux-x64/jre/17.0.12-linux-x86_64/lib/libzip.so
Event: 0.527 Loaded shared library /home/rashmika/.vscode/extensions/redhat.java-1.35.1-linux-x64/jre/17.0.12-linux-x86_64/lib/libjimage.so
Event: 0.641 Loaded shared library /home/rashmika/.vscode/extensions/redhat.java-1.35.1-linux-x64/jre/17.0.12-linux-x86_64/lib/libverify.so
Event: 2.142 Loaded shared library /home/rashmika/.vscode/extensions/redhat.java-1.35.1-linux-x64/jre/17.0.12-linux-x86_64/lib/libnet.so
Event: 3.206 Loaded shared library /home/rashmika/.config/Code/User/globalStorage/redhat.java/1.35.1/config_linux/org.eclipse.equinox.launcher/org.eclipse.equinox.launcher.gtk.linux.x86_64_1.2.1100.v20240722-2106/eclipse_11904.so

Deoptimization events (20 events):
Event: 39.534 Thread 0x00007210a4002740 DEOPT PACKING pc=0x00007211bdf07bac sp=0x00007211a372a7f0
Event: 39.534 Thread 0x00007210a4002740 DEOPT UNPACKING pc=0x00007211bd78d399 sp=0x00007211a372a7b0 mode 2
Event: 39.541 Thread 0x00007210a4002740 Uncommon trap: trap_request=0xffffff45 fr.pc=0x00007211bde109c0 relative=0x00000000000001a0
Event: 39.541 Thread 0x00007210a4002740 Uncommon trap: reason=unstable_if action=reinterpret pc=0x00007211bde109c0 method=sun.nio.fs.UnixPath.compareTo(Ljava/nio/file/Path;)I @ 73 c2
Event: 39.541 Thread 0x00007210a4002740 DEOPT PACKING pc=0x00007211bde109c0 sp=0x00007211a3729e20
Event: 39.541 Thread 0x00007210a4002740 DEOPT UNPACKING pc=0x00007211bd78d399 sp=0x00007211a3729da8 mode 2
Event: 39.541 Thread 0x00007210a4002740 Uncommon trap: trap_request=0xffffff45 fr.pc=0x00007211bdd373dc relative=0x000000000000143c
Event: 39.541 Thread 0x00007210a4002740 Uncommon trap: reason=unstable_if action=reinterpret pc=0x00007211bdd373dc method=lombok.eclipse.agent.EclipsePatcher$1.shouldTransform(Ljava/lang/ClassLoader;Ljava/lang/String;Ljava/lang/Class;Ljava/security/ProtectionDomain;[B)Z @ 80 c2
Event: 39.541 Thread 0x00007210a4002740 DEOPT PACKING pc=0x00007211bdd373dc sp=0x00007211a3728e50
Event: 39.541 Thread 0x00007210a4002740 DEOPT UNPACKING pc=0x00007211bd78d399 sp=0x00007211a3728d68 mode 2
Event: 39.694 Thread 0x00007210a4002740 Uncommon trap: trap_request=0xffffff45 fr.pc=0x00007211bdcff33c relative=0x000000000000065c
Event: 39.694 Thread 0x00007210a4002740 Uncommon trap: reason=unstable_if action=reinterpret pc=0x00007211bdcff33c method=java.lang.String.replace(Ljava/lang/CharSequence;Ljava/lang/CharSequence;)Ljava/lang/String; @ 42 c2
Event: 39.694 Thread 0x00007210a4002740 DEOPT PACKING pc=0x00007211bdcff33c sp=0x00007211a372aa00
Event: 39.694 Thread 0x00007210a4002740 DEOPT UNPACKING pc=0x00007211bd78d399 sp=0x00007211a372a9a0 mode 2
Event: 39.706 Thread 0x00007210a4002740 DEOPT PACKING pc=0x00007211b774f32c sp=0x00007211a3728030
Event: 39.706 Thread 0x00007210a4002740 DEOPT UNPACKING pc=0x00007211bd78db2f sp=0x00007211a3727558 mode 0
Event: 39.901 Thread 0x00007210a4002740 DEOPT PACKING pc=0x00007211b6e26fe9 sp=0x00007211a372ae90
Event: 39.901 Thread 0x00007210a4002740 DEOPT UNPACKING pc=0x00007211bd78db2f sp=0x00007211a372a3d0 mode 0
Event: 41.856 Thread 0x00007211249fe7c0 DEOPT PACKING pc=0x00007211b66c1cc6 sp=0x00007211a3e2bed0
Event: 41.856 Thread 0x00007211249fe7c0 DEOPT UNPACKING pc=0x00007211bd78db2f sp=0x00007211a3e2b3e8 mode 0

Classes loaded (20 events):
Event: 38.407 Loading class java/util/stream/ReduceOps$2
Event: 38.408 Loading class java/util/stream/ReduceOps$2 done
Event: 38.408 Loading class java/util/stream/ReduceOps$2ReducingSink
Event: 38.408 Loading class java/util/stream/ReduceOps$2ReducingSink done
Event: 39.129 Loading class jdk/internal/module/IllegalAccessLogger
Event: 39.129 Loading class jdk/internal/module/IllegalAccessLogger done
Event: 39.175 Loading class java/util/stream/DistinctOps
Event: 39.176 Loading class java/util/stream/DistinctOps done
Event: 39.176 Loading class java/util/stream/DistinctOps$1
Event: 39.177 Loading class java/util/stream/DistinctOps$1 done
Event: 39.177 Loading class java/util/stream/DistinctOps$1$2
Event: 39.177 Loading class java/util/stream/DistinctOps$1$2 done
Event: 39.321 Loading class java/util/LinkedList$LLSpliterator
Event: 39.321 Loading class java/util/LinkedList$LLSpliterator done
Event: 39.802 Loading class java/io/CharArrayWriter
Event: 39.803 Loading class java/io/CharArrayWriter done
Event: 39.822 Loading class sun/nio/fs/UnixCopyFile
Event: 39.823 Loading class sun/nio/fs/UnixCopyFile done
Event: 39.823 Loading class sun/nio/fs/UnixCopyFile$Flags
Event: 39.824 Loading class sun/nio/fs/UnixCopyFile$Flags done

Classes unloaded (11 events):
Event: 9.505 Thread 0x00007211c806a4b0 Unloading class 0x0000000100250400 'java/lang/invoke/LambdaForm$MH+0x0000000100250400'
Event: 9.505 Thread 0x00007211c806a4b0 Unloading class 0x0000000100250000 'java/lang/invoke/LambdaForm$MH+0x0000000100250000'
Event: 9.505 Thread 0x00007211c806a4b0 Unloading class 0x000000010024fc00 'java/lang/invoke/LambdaForm$MH+0x000000010024fc00'
Event: 9.505 Thread 0x00007211c806a4b0 Unloading class 0x000000010024f800 'java/lang/invoke/LambdaForm$MH+0x000000010024f800'
Event: 9.505 Thread 0x00007211c806a4b0 Unloading class 0x000000010024f400 'java/lang/invoke/LambdaForm$BMH+0x000000010024f400'
Event: 9.505 Thread 0x00007211c806a4b0 Unloading class 0x000000010024f000 'java/lang/invoke/LambdaForm$DMH+0x000000010024f000'
Event: 9.505 Thread 0x00007211c806a4b0 Unloading class 0x000000010024c400 'java/lang/invoke/LambdaForm$DMH+0x000000010024c400'
Event: 21.276 Thread 0x00007211c806a4b0 Unloading class 0x0000000100675800 'java/lang/invoke/LambdaForm$MH+0x0000000100675800'
Event: 21.276 Thread 0x00007211c806a4b0 Unloading class 0x0000000100675400 'java/lang/invoke/LambdaForm$MH+0x0000000100675400'
Event: 21.276 Thread 0x00007211c806a4b0 Unloading class 0x0000000100674c00 'java/lang/invoke/LambdaForm$DMH+0x0000000100674c00'
Event: 21.276 Thread 0x00007211c806a4b0 Unloading class 0x0000000100674800 'java/lang/invoke/LambdaForm$DMH+0x0000000100674800'

Classes redefined (0 events):
No events

Internal exceptions (20 events):
Event: 36.904 Thread 0x00007210b409a130 Exception <a 'java/lang/NoSuchMethodError'{0x00000000eb330310}: 'void java.lang.invoke.DirectMethodHandle$Holder.invokeStatic(java.lang.Object, int, java.lang.Object)'> (0x00000000eb330310) 
thrown [src/hotspot/share/interpreter/linkResolver.cpp, line 758]
Event: 36.959 Thread 0x00007210b409a130 Exception <a 'java/lang/NoSuchMethodError'{0x00000000eb687830}: 'int java.lang.invoke.DirectMethodHandle$Holder.invokeStatic(java.lang.Object, int, java.lang.Object)'> (0x00000000eb687830) 
thrown [src/hotspot/share/interpreter/linkResolver.cpp, line 758]
Event: 37.657 Thread 0x00007211249fe7c0 Implicit null exception at 0x00007211be2364c0 to 0x00007211be23cf18
Event: 38.569 Thread 0x00007210a4002740 Exception <a 'sun/nio/fs/UnixException'{0x00000000eaed37e0}> (0x00000000eaed37e0) 
thrown [src/hotspot/share/prims/jni.cpp, line 516]
Event: 38.570 Thread 0x00007210a4002740 Exception <a 'sun/nio/fs/UnixException'{0x00000000eaed4300}> (0x00000000eaed4300) 
thrown [src/hotspot/share/prims/jni.cpp, line 516]
Event: 38.570 Thread 0x00007210a4002740 Exception <a 'sun/nio/fs/UnixException'{0x00000000eaed4eb8}> (0x00000000eaed4eb8) 
thrown [src/hotspot/share/prims/jni.cpp, line 516]
Event: 38.573 Thread 0x00007210a4002740 Exception <a 'sun/nio/fs/UnixException'{0x00000000eaf412e8}> (0x00000000eaf412e8) 
thrown [src/hotspot/share/prims/jni.cpp, line 516]
Event: 38.575 Thread 0x00007210a4002740 Exception <a 'sun/nio/fs/UnixException'{0x00000000eaf45f58}> (0x00000000eaf45f58) 
thrown [src/hotspot/share/prims/jni.cpp, line 516]
Event: 38.576 Thread 0x00007210a4002740 Exception <a 'sun/nio/fs/UnixException'{0x00000000eaf4af10}> (0x00000000eaf4af10) 
thrown [src/hotspot/share/prims/jni.cpp, line 516]
Event: 38.584 Thread 0x00007210a4002740 Implicit null exception at 0x00007211be223f81 to 0x00007211be224650
Event: 39.180 Thread 0x00007210a4002740 Exception <a 'java/lang/NoSuchMethodError'{0x00000000eb180518}: 'java.lang.Object java.lang.invoke.DirectMethodHandle$Holder.newInvokeSpecial(java.lang.Object, java.lang.Object, int, java.lang.Object, java.lang.Object)'> (0x00000000eb180518) 
thrown [src/hotspot/share/interpreter/linkResolver.cpp, line 758]
Event: 39.181 Thread 0x00007210a4002740 Exception <a 'java/lang/NoSuchMethodError'{0x00000000eb1dc938}: 'java.lang.Object java.lang.invoke.Invokers$Holder.linkToTargetMethod(java.lang.Object, int, java.lang.Object, java.lang.Object, java.lang.Object)'> (0x00000000eb1dc938) 
thrown [src/hotspot/share/interpreter/linkResolver.cpp, line 758]
Event: 39.187 Thread 0x00007210a4002740 Exception <a 'java/lang/NoSuchMethodError'{0x00000000eb1f50a0}: 'java.lang.Object java.lang.invoke.DirectMethodHandle$Holder.invokeSpecial(java.lang.Object, java.lang.Object, java.lang.Object, int, java.lang.Object, java.lang.Object, java.lang.Object)'> (0x00000000eb1f50a0) 
thrown [src/hotspot/share/interpreter/linkResolver.cpp, line 758]
Event: 39.191 Thread 0x00007210a4002740 Exception <a 'java/lang/NoSuchMethodError'{0x00000000eb2adbc0}: 'java.lang.Object java.lang.invoke.DirectMethodHandle$Holder.invokeStatic(java.lang.Object, java.lang.Object, int, java.lang.Object, java.lang.Object)'> (0x00000000eb2adbc0) 
thrown [src/hotspot/share/interpreter/linkResolver.cpp, line 758]
Event: 39.218 Thread 0x00007210a4002740 Exception <a 'java/lang/NoSuchMethodError'{0x00000000eb4da000}: 'void java.lang.invoke.DirectMethodHandle$Holder.invokeStatic(java.lang.Object, int)'> (0x00000000eb4da000) 
thrown [src/hotspot/share/interpreter/linkResolver.cpp, line 758]
Event: 39.385 Thread 0x00007210a4002740 Exception <a 'java/io/FileNotFoundException'{0x00000000ead6ddd0}> (0x00000000ead6ddd0) 
thrown [src/hotspot/share/prims/jni.cpp, line 516]
Event: 39.386 Thread 0x00007210a4002740 Exception <a 'java/io/FileNotFoundException'{0x00000000ead6ef80}> (0x00000000ead6ef80) 
thrown [src/hotspot/share/prims/jni.cpp, line 516]
Event: 39.386 Thread 0x00007210a4002740 Exception <a 'java/io/FileNotFoundException'{0x00000000ead6fea8}> (0x00000000ead6fea8) 
thrown [src/hotspot/share/prims/jni.cpp, line 516]
Event: 39.405 Thread 0x00007210a4002740 Exception <a 'java/lang/NoSuchMethodError'{0x00000000eaf2f620}: 'int java.lang.invoke.DirectMethodHandle$Holder.invokeStatic(java.lang.Object, java.lang.Object, java.lang.Object, java.lang.Object, java.lang.Object, java.lang.Object)'> (0x00000000eaf2f620) 
thrown [src/hotspot/share/interpreter/linkResolver.cpp, line 758]
Event: 39.824 Thread 0x00007210a4002740 Exception <a 'sun/nio/fs/UnixException'{0x00000000ec27b570}> (0x00000000ec27b570) 
thrown [src/hotspot/share/prims/jni.cpp, line 516]

VM Operations (20 events):
Event: 40.373 Executing VM operation: ParallelGCFailedAllocation done
Event: 40.570 Executing VM operation: ParallelGCFailedAllocation
Event: 40.596 Executing VM operation: ParallelGCFailedAllocation done
Event: 40.790 Executing VM operation: ParallelGCFailedAllocation
Event: 40.809 Executing VM operation: ParallelGCFailedAllocation done
Event: 40.993 Executing VM operation: ParallelGCFailedAllocation
Event: 41.028 Executing VM operation: ParallelGCFailedAllocation done
Event: 41.198 Executing VM operation: HandshakeAllThreads
Event: 41.198 Executing VM operation: HandshakeAllThreads done
Event: 41.218 Executing VM operation: ParallelGCFailedAllocation
Event: 41.238 Executing VM operation: ParallelGCFailedAllocation done
Event: 41.405 Executing VM operation: ParallelGCFailedAllocation
Event: 41.444 Executing VM operation: ParallelGCFailedAllocation done
Event: 41.586 Executing VM operation: ParallelGCFailedAllocation
Event: 41.597 Executing VM operation: ParallelGCFailedAllocation done
Event: 41.743 Executing VM operation: ParallelGCFailedAllocation
Event: 41.755 Executing VM operation: ParallelGCFailedAllocation done
Event: 41.906 Executing VM operation: ParallelGCFailedAllocation
Event: 41.930 Executing VM operation: ParallelGCFailedAllocation done
Event: 42.273 Executing VM operation: ParallelGCFailedAllocation

Events (20 events):
Event: 41.278 Thread 0x00007211c822b7a0 flushing nmethod 0x00007211b75fda90
Event: 41.278 Thread 0x00007211c822b7a0 flushing nmethod 0x00007211b75fdf90
Event: 41.278 Thread 0x00007211c822b7a0 flushing nmethod 0x00007211b7600110
Event: 41.278 Thread 0x00007211c822b7a0 flushing nmethod 0x00007211b7604290
Event: 41.278 Thread 0x00007211c822b7a0 flushing nmethod 0x00007211b762ce10
Event: 41.278 Thread 0x00007211c822b7a0 flushing nmethod 0x00007211b763cb90
Event: 41.278 Thread 0x00007211c822b7a0 flushing nmethod 0x00007211b7641090
Event: 41.279 Thread 0x00007211c822b7a0 flushing nmethod 0x00007211b766fa90
Event: 41.280 Thread 0x00007211c822b7a0 flushing nmethod 0x00007211b76fe010
Event: 41.280 Thread 0x00007211c822b7a0 flushing nmethod 0x00007211b7702610
Event: 41.280 Thread 0x00007211c822b7a0 flushing nmethod 0x00007211b7706190
Event: 41.280 Thread 0x00007211c822b7a0 flushing nmethod 0x00007211b7706a90
Event: 41.280 Thread 0x00007211c822b7a0 flushing nmethod 0x00007211b7707390
Event: 41.280 Thread 0x00007211c822b7a0 flushing nmethod 0x00007211b7707810
Event: 41.280 Thread 0x00007211c822b7a0 flushing nmethod 0x00007211b7708390
Event: 41.280 Thread 0x00007211c822b7a0 flushing nmethod 0x00007211b7708990
Event: 41.280 Thread 0x00007211c822b7a0 flushing nmethod 0x00007211b7708d10
Event: 41.280 Thread 0x00007211c822b7a0 flushing nmethod 0x00007211b7719290
Event: 41.280 Thread 0x00007211c822b7a0 flushing nmethod 0x00007211b774ac10
Event: 41.280 Thread 0x00007211c822b7a0 flushing nmethod 0x00007211b7761410


Dynamic libraries:
c0000000-d0d80000 rw-p 00000000 00:00 0 
d0d80000-eab00000 ---p 00000000 00:00 0 
eab00000-ecd00000 rw-p 00000000 00:00 0 
ecd00000-100000000 ---p 00000000 00:00 0 
100000000-100010000 rw-p 00000000 00:00 0 
100010000-100030000 rw-p 00000000 00:00 0 
100030000-1000b0000 rw-p 00000000 00:00 0 
1000b0000-1000d0000 rw-p 00000000 00:00 0 
1000d0000-100130000 rw-p 00000000 00:00 0 
100130000-100170000 rw-p 00000000 00:00 0 
100170000-1001f0000 rw-p 00000000 00:00 0 
1001f0000-1003f0000 rw-p 00000000 00:00 0 
1003f0000-1005f0000 rw-p 00000000 00:00 0 
1005f0000-1007f0000 rw-p 00000000 00:00 0 
1007f0000-140000000 ---p 00000000 00:00 0 
652920c9d000-652920c9e000 r--p 00000000 08:07 6749255                    /home/rashmika/.vscode/extensions/redhat.java-1.35.1-linux-x64/jre/17.0.12-linux-x86_64/bin/java
652920c9e000-652920c9f000 r-xp 00001000 08:07 6749255                    /home/rashmika/.vscode/extensions/redhat.java-1.35.1-linux-x64/jre/17.0.12-linux-x86_64/bin/java
652920c9f000-652920ca0000 r--p 00002000 08:07 6749255                    /home/rashmika/.vscode/extensions/redhat.java-1.35.1-linux-x64/jre/17.0.12-linux-x86_64/bin/java
652920ca0000-652920ca1000 r--p 00002000 08:07 6749255                    /home/rashmika/.vscode/extensions/redhat.java-1.35.1-linux-x64/jre/17.0.12-linux-x86_64/bin/java
652920ca1000-652920ca2000 rw-p 00003000 08:07 6749255                    /home/rashmika/.vscode/extensions/redhat.java-1.35.1-linux-x64/jre/17.0.12-linux-x86_64/bin/java
6529217c4000-65292180d000 rw-p 00000000 00:00 0                          [heap]
721044000000-721044021000 rw-p 00000000 00:00 0 
721044021000-721048000000 ---p 00000000 00:00 0 
721048000000-721048021000 rw-p 00000000 00:00 0 
721048021000-72104c000000 ---p 00000000 00:00 0 
721050000000-721050021000 rw-p 00000000 00:00 0 
721050021000-721054000000 ---p 00000000 00:00 0 
721054000000-721054021000 rw-p 00000000 00:00 0 
721054021000-721058000000 ---p 00000000 00:00 0 
72105c000000-72105c021000 rw-p 00000000 00:00 0 
72105c021000-721060000000 ---p 00000000 00:00 0 
721060000000-721060088000 rw-p 00000000 00:00 0 
721060088000-721064000000 ---p 00000000 00:00 0 
721068000000-721068021000 rw-p 00000000 00:00 0 
721068021000-72106c000000 ---p 00000000 00:00 0 
72106c000000-72106c021000 rw-p 00000000 00:00 0 
72106c021000-721070000000 ---p 00000000 00:00 0 
721074000000-721074021000 rw-p 00000000 00:00 0 
721074021000-721078000000 ---p 00000000 00:00 0 
721078000000-721078021000 rw-p 00000000 00:00 0 
721078021000-72107c000000 ---p 00000000 00:00 0 
721080000000-721080021000 rw-p 00000000 00:00 0 
721080021000-721084000000 ---p 00000000 00:00 0 
721084000000-721084021000 rw-p 00000000 00:00 0 
721084021000-721088000000 ---p 00000000 00:00 0 
72108c000000-72108c033000 rw-p 00000000 00:00 0 
72108c033000-721090000000 ---p 00000000 00:00 0 
721090000000-721090032000 rw-p 00000000 00:00 0 
721090032000-721094000000 ---p 00000000 00:00 0 
721098000000-721098021000 rw-p 00000000 00:00 0 
721098021000-72109c000000 ---p 00000000 00:00 0 
72109c000000-72109c021000 rw-p 00000000 00:00 0 
72109c021000-7210a0000000 ---p 00000000 00:00 0 
7210a4000000-7210a405e000 rw-p 00000000 00:00 0 
7210a405e000-7210a8000000 ---p 00000000 00:00 0 
7210a8000000-7210a8048000 rw-p 00000000 00:00 0 
7210a8048000-7210ac000000 ---p 00000000 00:00 0 
7210b0000000-7210b0021000 rw-p 00000000 00:00 0 
7210b0021000-7210b4000000 ---p 00000000 00:00 0 
7210b4000000-7210b40dd000 rw-p 00000000 00:00 0 
7210b40dd000-7210b8000000 ---p 00000000 00:00 0 
7210bc000000-7210bc021000 rw-p 00000000 00:00 0 
7210bc021000-7210c0000000 ---p 00000000 00:00 0 
7210c3800000-7210cbe05000 r--s 00000000 08:07 5507983                    /usr/lib/jvm/java-21-openjdk-amd64/lib/modules
7210cc000000-7210cc03c000 rw-p 00000000 00:00 0 
7210cc03c000-7210d0000000 ---p 00000000 00:00 0 
7210d0000000-7210d0021000 rw-p 00000000 00:00 0 
7210d0021000-7210d4000000 ---p 00000000 00:00 0 
7210d8000000-7210d8106000 rw-p 00000000 00:00 0 
7210d8106000-7210dc000000 ---p 00000000 00:00 0 
7210dc000000-7210dc021000 rw-p 00000000 00:00 0 
7210dc021000-7210e0000000 ---p 00000000 00:00 0 
7210e4000000-7210e4021000 rw-p 00000000 00:00 0 
7210e4021000-7210e8000000 ---p 00000000 00:00 0 
7210e8000000-7210e81fe000 rw-p 00000000 00:00 0 
7210e81fe000-7210ec000000 ---p 00000000 00:00 0 
7210f0000000-7210f0093000 rw-p 00000000 00:00 0 
7210f0093000-7210f4000000 ---p 00000000 00:00 0 
7210f4000000-7210f5fab000 rw-p 00000000 00:00 0 
7210f5fab000-7210f8000000 ---p 00000000 00:00 0 
7210fc000000-7210fc293000 rw-p 00000000 00:00 0 
7210fc293000-721100000000 ---p 00000000 00:00 0 
721100000000-721100787000 rw-p 00000000 00:00 0 
721100787000-721104000000 ---p 00000000 00:00 0 
721108000000-72110981d000 rw-p 00000000 00:00 0 
72110981d000-72110c000000 ---p 00000000 00:00 0 
72110c000000-72110c021000 rw-p 00000000 00:00 0 
72110c021000-721110000000 ---p 00000000 00:00 0 
721114000000-721114021000 rw-p 00000000 00:00 0 
721114021000-721118000000 ---p 00000000 00:00 0 
721118000000-7211180ea000 rw-p 00000000 00:00 0 
7211180ea000-72111c000000 ---p 00000000 00:00 0 
721120000000-721120021000 rw-p 00000000 00:00 0 
721120021000-721124000000 ---p 00000000 00:00 0 
721124000000-721124bbe000 rw-p 00000000 00:00 0 
721124bbe000-721128000000 ---p 00000000 00:00 0 
72112c000000-72112c021000 rw-p 00000000 00:00 0 
72112c021000-721130000000 ---p 00000000 00:00 0 
721130000000-721130038000 rw-p 00000000 00:00 0 
721130038000-721134000000 ---p 00000000 00:00 0 
721138000000-721138022000 rw-p 00000000 00:00 0 
721138022000-72113c000000 ---p 00000000 00:00 0 
72113c000000-72113c021000 rw-p 00000000 00:00 0 
72113c021000-721140000000 ---p 00000000 00:00 0 
721144000000-721144021000 rw-p 00000000 00:00 0 
721144021000-721148000000 ---p 00000000 00:00 0 
721148000000-721148405000 rw-p 00000000 00:00 0 
721148405000-72114c000000 ---p 00000000 00:00 0 
721150000000-721150021000 rw-p 00000000 00:00 0 
721150021000-721154000000 ---p 00000000 00:00 0 
721154000000-721154021000 rw-p 00000000 00:00 0 
721154021000-721158000000 ---p 00000000 00:00 0 
72115c000000-72115c021000 rw-p 00000000 00:00 0 
72115c021000-721160000000 ---p 00000000 00:00 0 
721160000000-7211603a4000 rw-p 00000000 00:00 0 
7211603a4000-721164000000 ---p 00000000 00:00 0 
721168000000-721168388000 rw-p 00000000 00:00 0 
721168388000-72116c000000 ---p 00000000 00:00 0 
72116c000000-72116c021000 rw-p 00000000 00:00 0 
72116c021000-721170000000 ---p 00000000 00:00 0 
721174000000-7211741d1000 rw-p 00000000 00:00 0 
7211741d1000-721178000000 ---p 00000000 00:00 0 
721178000000-721178df0000 rw-p 00000000 00:00 0 
721178df0000-72117c000000 ---p 00000000 00:00 0 
721180000000-721181b97000 rw-p 00000000 00:00 0 
721181b97000-721184000000 ---p 00000000 00:00 0 
721184000000-721184021000 rw-p 00000000 00:00 0 
721184021000-721188000000 ---p 00000000 00:00 0 
72118c000000-72118c021000 rw-p 00000000 00:00 0 
72118c021000-721190000000 ---p 00000000 00:00 0 
721190000000-721190021000 rw-p 00000000 00:00 0 
721190021000-721194000000 ---p 00000000 00:00 0 
721198000000-721198021000 rw-p 00000000 00:00 0 
721198021000-72119c000000 ---p 00000000 00:00 0 
72119c000000-72119c021000 rw-p 00000000 00:00 0 
72119c021000-7211a0000000 ---p 00000000 00:00 0 
7211a232e000-7211a2332000 ---p 00000000 00:00 0 
7211a2332000-7211a242e000 rw-p 00000000 00:00 0 
7211a242e000-7211a2432000 ---p 00000000 00:00 0 
7211a2432000-7211a252e000 rw-p 00000000 00:00 0 
7211a252e000-7211a2532000 ---p 00000000 00:00 0 
7211a2532000-7211a262e000 rw-p 00000000 00:00 0 
7211a262e000-7211a2632000 ---p 00000000 00:00 0 
7211a2632000-7211a272e000 rw-p 00000000 00:00 0 
7211a272e000-7211a2732000 ---p 00000000 00:00 0 
7211a2732000-7211a282e000 rw-p 00000000 00:00 0 
7211a282e000-7211a2832000 ---p 00000000 00:00 0 
7211a2832000-7211a292e000 rw-p 00000000 00:00 0 
7211a292e000-7211a2932000 ---p 00000000 00:00 0 
7211a2932000-7211a2a2e000 rw-p 00000000 00:00 0 
7211a2a2e000-7211a2a32000 ---p 00000000 00:00 0 
7211a2a32000-7211a2b2e000 rw-p 00000000 00:00 0 
7211a2b2e000-7211a2b32000 ---p 00000000 00:00 0 
7211a2b32000-7211a2c2e000 rw-p 00000000 00:00 0 
7211a2c2e000-7211a2c32000 ---p 00000000 00:00 0 
7211a2c32000-7211a2d2e000 rw-p 00000000 00:00 0 
7211a2d2e000-7211a2d32000 ---p 00000000 00:00 0 
7211a2d32000-7211a2e2e000 rw-p 00000000 00:00 0 
7211a2e2e000-7211a2e32000 ---p 00000000 00:00 0 
7211a2e32000-7211a2f2e000 rw-p 00000000 00:00 0 
7211a2f2e000-7211a2f32000 ---p 00000000 00:00 0 
7211a2f32000-7211a302e000 rw-p 00000000 00:00 0 
7211a302e000-7211a3032000 ---p 00000000 00:00 0 
7211a3032000-7211a312e000 rw-p 00000000 00:00 0 
7211a312e000-7211a3132000 ---p 00000000 00:00 0 
7211a3132000-7211a322e000 rw-p 00000000 00:00 0 
7211a322e000-7211a3232000 ---p 00000000 00:00 0 
7211a3232000-7211a332e000 rw-p 00000000 00:00 0 
7211a332e000-7211a3332000 ---p 00000000 00:00 0 
7211a3332000-7211a342e000 rw-p 00000000 00:00 0 
7211a342e000-7211a3432000 ---p 00000000 00:00 0 
7211a3432000-7211a352e000 rw-p 00000000 00:00 0 
7211a352e000-7211a3532000 ---p 00000000 00:00 0 
7211a3532000-7211a362e000 rw-p 00000000 00:00 0 
7211a362e000-7211a3632000 ---p 00000000 00:00 0 
7211a3632000-7211a372e000 rw-p 00000000 00:00 0 
7211a372e000-7211a3732000 ---p 00000000 00:00 0 
7211a3732000-7211a382e000 rw-p 00000000 00:00 0 
7211a382e000-7211a3832000 ---p 00000000 00:00 0 
7211a3832000-7211a392e000 rw-p 00000000 00:00 0 
7211a392e000-7211a3932000 ---p 00000000 00:00 0 
7211a3932000-7211a3a2e000 rw-p 00000000 00:00 0 
7211a3a2e000-7211a3a32000 ---p 00000000 00:00 0 
7211a3a32000-7211a3b2e000 rw-p 00000000 00:00 0 
7211a3b2e000-7211a3b32000 ---p 00000000 00:00 0 
7211a3b32000-7211a3c2e000 rw-p 00000000 00:00 0 
7211a3c2e000-7211a3c32000 ---p 00000000 00:00 0 
7211a3c32000-7211a3d2e000 rw-p 00000000 00:00 0 
7211a3d2e000-7211a3d32000 ---p 00000000 00:00 0 
7211a3d32000-7211a3e2e000 rw-p 00000000 00:00 0 
7211a3f00000-7211a3f04000 ---p 00000000 00:00 0 
7211a3f04000-7211a4000000 rw-p 00000000 00:00 0 
7211a4000000-7211a40f2000 rw-p 00000000 00:00 0 
7211a40f2000-7211a8000000 ---p 00000000 00:00 0 
7211a8000000-7211a8004000 ---p 00000000 00:00 0 
7211a8004000-7211a8100000 rw-p 00000000 00:00 0 
7211a8100000-7211a8104000 ---p 00000000 00:00 0 
7211a8104000-7211a8200000 rw-p 00000000 00:00 0 
7211a8200000-7211a8204000 ---p 00000000 00:00 0 
7211a8204000-7211a8300000 rw-p 00000000 00:00 0 
7211a8300000-7211a8304000 ---p 00000000 00:00 0 
7211a8304000-7211a8400000 rw-p 00000000 00:00 0 
7211a8400000-7211a8404000 ---p 00000000 00:00 0 
7211a8404000-7211a8500000 rw-p 00000000 00:00 0 
7211a8500000-7211a8504000 ---p 00000000 00:00 0 
7211a8504000-7211a8600000 rw-p 00000000 00:00 0 
7211a8600000-7211a8610000 r-xp 00000000 08:07 6704910                    /home/rashmika/.config/Code/User/globalStorage/redhat.java/1.35.1/config_linux/org.eclipse.equinox.launcher/org.eclipse.equinox.launcher.gtk.linux.x86_64_1.2.1100.v20240722-2106/eclipse_11904.so
7211a8610000-7211a8810000 ---p 00010000 08:07 6704910                    /home/rashmika/.config/Code/User/globalStorage/redhat.java/1.35.1/config_linux/org.eclipse.equinox.launcher/org.eclipse.equinox.launcher.gtk.linux.x86_64_1.2.1100.v20240722-2106/eclipse_11904.so
7211a8810000-7211a8811000 r--p 00010000 08:07 6704910                    /home/rashmika/.config/Code/User/globalStorage/redhat.java/1.35.1/config_linux/org.eclipse.equinox.launcher/org.eclipse.equinox.launcher.gtk.linux.x86_64_1.2.1100.v20240722-2106/eclipse_11904.so
7211a8811000-7211a8812000 rw-p 00011000 08:07 6704910                    /home/rashmika/.config/Code/User/globalStorage/redhat.java/1.35.1/config_linux/org.eclipse.equinox.launcher/org.eclipse.equinox.launcher.gtk.linux.x86_64_1.2.1100.v20240722-2106/eclipse_11904.so
7211a8812000-7211a8813000 rw-p 00000000 00:00 0 
7211a8872000-7211a8876000 ---p 00000000 00:00 0 
7211a8876000-7211a8972000 rw-p 00000000 00:00 0 
7211a8972000-7211a8973000 ---p 00000000 00:00 0 
7211a8973000-7211a8a73000 rw-p 00000000 00:00 0 
7211a8a73000-7211a8a77000 ---p 00000000 00:00 0 
7211a8a77000-7211a8b73000 rw-p 00000000 00:00 0 
7211a8b73000-7211a8b77000 ---p 00000000 00:00 0 
7211a8b77000-7211a8c73000 rw-p 00000000 00:00 0 
7211a8c73000-7211a8c74000 ---p 00000000 00:00 0 
7211a8c74000-7211a8d74000 rw-p 00000000 00:00 0 
7211a8d74000-7211a8d75000 ---p 00000000 00:00 0 
7211a8d75000-7211a8e75000 rw-p 00000000 00:00 0 
7211a8e75000-7211a8e76000 ---p 00000000 00:00 0 
7211a8e76000-7211a8f76000 rw-p 00000000 00:00 0 
7211a8f76000-7211a8f77000 ---p 00000000 00:00 0 
7211a8f77000-7211a9077000 rw-p 00000000 00:00 0 
7211a9077000-7211a9078000 ---p 00000000 00:00 0 
7211a9078000-7211a9178000 rw-p 00000000 00:00 0 
7211a9178000-7211a9179000 ---p 00000000 00:00 0 
7211a9179000-7211a9279000 rw-p 00000000 00:00 0 
7211a9279000-7211a927a000 ---p 00000000 00:00 0 
7211a927a000-7211a937a000 rw-p 00000000 00:00 0 
7211a937a000-7211a937e000 ---p 00000000 00:00 0 
7211a937e000-7211a947a000 rw-p 00000000 00:00 0 
7211a947a000-7211a947e000 ---p 00000000 00:00 0 
7211a947e000-7211a957a000 rw-p 00000000 00:00 0 
7211a957a000-7211a957e000 ---p 00000000 00:00 0 
7211a957e000-7211a967a000 rw-p 00000000 00:00 0 
7211a967a000-7211a967e000 ---p 00000000 00:00 0 
7211a967e000-7211a977a000 rw-p 00000000 00:00 0 
7211a977a000-7211a977e000 ---p 00000000 00:00 0 
7211a977e000-7211a987a000 rw-p 00000000 00:00 0 
7211a987a000-7211a987e000 ---p 00000000 00:00 0 
7211a987e000-7211a997a000 rw-p 00000000 00:00 0 
7211a997a000-7211a997e000 ---p 00000000 00:00 0 
7211a997e000-7211a9a7a000 rw-p 00000000 00:00 0 
7211a9a7a000-7211a9a7e000 ---p 00000000 00:00 0 
7211a9a7e000-7211a9b7a000 rw-p 00000000 00:00 0 
7211a9b7a000-7211a9b7e000 ---p 00000000 00:00 0 
7211a9b7e000-7211a9c7a000 rw-p 00000000 00:00 0 
7211a9c7a000-7211a9c7e000 ---p 00000000 00:00 0 
7211a9c7e000-7211a9d7a000 rw-p 00000000 00:00 0 
7211a9d7a000-7211a9ff2000 r--p 00000000 07:04 188                        /snap/code/172/usr/lib/locale/aa_DJ.utf8/LC_COLLATE
7211a9ff2000-7211a9ff6000 ---p 00000000 00:00 0 
7211a9ff6000-7211aa0f2000 rw-p 00000000 00:00 0 
7211aa0f2000-7211aa0f6000 ---p 00000000 00:00 0 
7211aa0f6000-7211aa1f2000 rw-p 00000000 00:00 0 
7211aa1f2000-7211aa1f3000 ---p 00000000 00:00 0 
7211aa1f3000-7211aa2f3000 rw-p 00000000 00:00 0 
7211aa2f3000-7211ab3f0000 rw-p 00000000 00:00 0 
7211ab3f0000-7211ab450000 rw-p 00000000 00:00 0 
7211ab450000-7211ab470000 rw-p 00000000 00:00 0 
7211ab470000-7211ab4f0000 rw-p 00000000 00:00 0 
7211ab4f0000-7211ab6f0000 rw-p 00000000 00:00 0 
7211ab6f0000-7211ab710000 rw-p 00000000 00:00 0 
7211ab710000-7211ab730000 rw-p 00000000 00:00 0 
7211ab730000-7211ab770000 rw-p 00000000 00:00 0 
7211ab770000-7211ab8f0000 rw-p 00000000 00:00 0 
7211ab8f0000-7211ab9f0000 rw-p 00000000 00:00 0 
7211ab9f0000-7211abaf0000 rw-p 00000000 00:00 0 
7211abaf0000-7211abbf0000 rw-p 00000000 00:00 0 
7211abbf0000-7211abd50000 rw-p 00000000 00:00 0 
7211abd50000-7211abd70000 rw-p 00000000 00:00 0 
7211abd70000-7211abef0000 rw-p 00000000 00:00 0 
7211abef0000-7211abff0000 rw-p 00000000 00:00 0 
7211abff0000-7211ac0f0000 rw-p 00000000 00:00 0 
7211ac0f0000-7211ac1f0000 rw-p 00000000 00:00 0 
7211ac1f0000-7211ac6f0000 rw-p 00000000 00:00 0 
7211ac6f0000-7211ac7f0000 rw-p 00000000 00:00 0 
7211ac7f0000-7211acf70000 rw-p 00000000 00:00 0 
7211acf70000-7211acff0000 rw-p 00000000 00:00 0 
7211acff0000-7211ad170000 rw-p 00000000 00:00 0 
7211ad170000-7211ad2f0000 rw-p 00000000 00:00 0 
7211ad2f0000-7211ad3f0000 rw-p 00000000 00:00 0 
7211ad3f0000-7211add70000 rw-p 00000000 00:00 0 
7211add70000-7211addf0000 rw-p 00000000 00:00 0 
7211addf0000-7211ae0f0000 rw-p 00000000 00:00 0 
7211ae0f0000-7211ae1f0000 rw-p 00000000 00:00 0 
7211ae1f0000-7211ae200000 ---p 00000000 00:00 0 
7211ae200000-7211aef60000 rw-p 00000000 00:00 0 
7211aef60000-7211af000000 ---p 00000000 00:00 0 
7211af0f3000-7211b0000000 rw-p 00000000 00:00 0 
7211b0000000-7211b0021000 rw-p 00000000 00:00 0 
7211b0021000-7211b4000000 ---p 00000000 00:00 0 
7211b40ff000-7211b6200000 rw-p 00000000 00:00 0 
7211b6200000-7211b7790000 rwxp 00000000 00:00 0 
7211b7790000-7211bd737000 ---p 00000000 00:00 0 
7211bd737000-7211bd9a7000 rwxp 00000000 00:00 0 
7211bd9a7000-7211bdcc9000 ---p 00000000 00:00 0 
7211bdcc9000-7211be2d9000 rwxp 00000000 00:00 0 
7211be2d9000-7211c5200000 ---p 00000000 00:00 0 
7211c5200000-7211c7e2e000 r--s 00000000 08:07 6748027                    /home/rashmika/.vscode/extensions/redhat.java-1.35.1-linux-x64/jre/17.0.12-linux-x86_64/lib/modules
7211c7e46000-7211c7e4a000 r--p 00000000 08:07 6748040                    /home/rashmika/.vscode/extensions/redhat.java-1.35.1-linux-x64/jre/17.0.12-linux-x86_64/lib/libverify.so
7211c7e4a000-7211c7e51000 r-xp 00004000 08:07 6748040                    /home/rashmika/.vscode/extensions/redhat.java-1.35.1-linux-x64/jre/17.0.12-linux-x86_64/lib/libverify.so
7211c7e51000-7211c7e53000 r--p 0000b000 08:07 6748040                    /home/rashmika/.vscode/extensions/redhat.java-1.35.1-linux-x64/jre/17.0.12-linux-x86_64/lib/libverify.so
7211c7e53000-7211c7e55000 r--p 0000c000 08:07 6748040                    /home/rashmika/.vscode/extensions/redhat.java-1.35.1-linux-x64/jre/17.0.12-linux-x86_64/lib/libverify.so
7211c7e55000-7211c7e56000 rw-p 0000e000 08:07 6748040                    /home/rashmika/.vscode/extensions/redhat.java-1.35.1-linux-x64/jre/17.0.12-linux-x86_64/lib/libverify.so
7211c7e56000-7211c7eaa000 r--p 00000000 07:04 189                        /snap/code/172/usr/lib/locale/aa_DJ.utf8/LC_CTYPE
7211c7eaa000-7211c7f31000 rw-p 00000000 00:00 0 
7211c7f31000-7211c8000000 ---p 00000000 00:00 0 
7211c8000000-7211c8838000 rw-p 00000000 00:00 0 
7211c8838000-7211cc000000 ---p 00000000 00:00 0 
7211cc00b000-7211cc00f000 r--p 00000000 08:07 6748108                    /home/rashmika/.vscode/extensions/redhat.java-1.35.1-linux-x64/jre/17.0.12-linux-x86_64/lib/libnet.so
7211cc00f000-7211cc01d000 r-xp 00004000 08:07 6748108                    /home/rashmika/.vscode/extensions/redhat.java-1.35.1-linux-x64/jre/17.0.12-linux-x86_64/lib/libnet.so
7211cc01d000-7211cc021000 r--p 00012000 08:07 6748108                    /home/rashmika/.vscode/extensions/redhat.java-1.35.1-linux-x64/jre/17.0.12-linux-x86_64/lib/libnet.so
7211cc021000-7211cc022000 r--p 00015000 08:07 6748108                    /home/rashmika/.vscode/extensions/redhat.java-1.35.1-linux-x64/jre/17.0.12-linux-x86_64/lib/libnet.so
7211cc022000-7211cc023000 rw-p 00016000 08:07 6748108                    /home/rashmika/.vscode/extensions/redhat.java-1.35.1-linux-x64/jre/17.0.12-linux-x86_64/lib/libnet.so
7211cc023000-7211cc0ff000 rw-p 00000000 00:00 0 
7211cc0ff000-7211cc100000 ---p 00000000 00:00 0 
7211cc100000-7211cc200000 rw-p 00000000 00:00 0 
7211cc200000-7211cc287000 rw-p 00000000 00:00 0 
7211cc287000-7211cc355000 ---p 00000000 00:00 0 
7211cc355000-7211cc367000 rw-p 00000000 00:00 0 
7211cc367000-7211cc400000 ---p 00000000 00:00 0 
7211cc400000-7211cc401000 rw-p 00000000 00:00 0 
7211cc40e000-7211cc415000 r--p 00000000 08:07 6748105                    /home/rashmika/.vscode/extensions/redhat.java-1.35.1-linux-x64/jre/17.0.12-linux-x86_64/lib/libnio.so
7211cc415000-7211cc41e000 r-xp 00007000 08:07 6748105                    /home/rashmika/.vscode/extensions/redhat.java-1.35.1-linux-x64/jre/17.0.12-linux-x86_64/lib/libnio.so
7211cc41e000-7211cc422000 r--p 00010000 08:07 6748105                    /home/rashmika/.vscode/extensions/redhat.java-1.35.1-linux-x64/jre/17.0.12-linux-x86_64/lib/libnio.so
7211cc422000-7211cc423000 ---p 00014000 08:07 6748105                    /home/rashmika/.vscode/extensions/redhat.java-1.35.1-linux-x64/jre/17.0.12-linux-x86_64/lib/libnio.so
7211cc423000-7211cc424000 r--p 00014000 08:07 6748105                    /home/rashmika/.vscode/extensions/redhat.java-1.35.1-linux-x64/jre/17.0.12-linux-x86_64/lib/libnio.so
7211cc424000-7211cc425000 rw-p 00015000 08:07 6748105                    /home/rashmika/.vscode/extensions/redhat.java-1.35.1-linux-x64/jre/17.0.12-linux-x86_64/lib/libnio.so
7211cc425000-7211cc427000 r--p 00000000 08:07 6748038                    /home/rashmika/.vscode/extensions/redhat.java-1.35.1-linux-x64/jre/17.0.12-linux-x86_64/lib/libzip.so
7211cc427000-7211cc439000 r-xp 00002000 08:07 6748038                    /home/rashmika/.vscode/extensions/redhat.java-1.35.1-linux-x64/jre/17.0.12-linux-x86_64/lib/libzip.so
7211cc439000-7211cc441000 r--p 00014000 08:07 6748038                    /home/rashmika/.vscode/extensions/redhat.java-1.35.1-linux-x64/jre/17.0.12-linux-x86_64/lib/libzip.so
7211cc441000-7211cc442000 r--p 0001b000 08:07 6748038                    /home/rashmika/.vscode/extensions/redhat.java-1.35.1-linux-x64/jre/17.0.12-linux-x86_64/lib/libzip.so
7211cc442000-7211cc443000 rw-p 0001c000 08:07 6748038                    /home/rashmika/.vscode/extensions/redhat.java-1.35.1-linux-x64/jre/17.0.12-linux-x86_64/lib/libzip.so
7211cc443000-7211cc450000 rw-p 00000000 00:00 0 
7211cc450000-7211cc52e000 ---p 00000000 00:00 0 
7211cc52e000-7211cc55a000 rw-p 00000000 00:00 0 
7211cc55a000-7211cc619000 ---p 00000000 00:00 0 
7211cc619000-7211cc61d000 ---p 00000000 00:00 0 
7211cc61d000-7211cc719000 rw-p 00000000 00:00 0 
7211cc719000-7211cc727000 r--p 00000000 08:07 5245089                    /usr/lib/x86_64-linux-gnu/libm.so.6
7211cc727000-7211cc7a3000 r-xp 0000e000 08:07 5245089                    /usr/lib/x86_64-linux-gnu/libm.so.6
7211cc7a3000-7211cc7fe000 r--p 0008a000 08:07 5245089                    /usr/lib/x86_64-linux-gnu/libm.so.6
7211cc7fe000-7211cc7ff000 r--p 000e4000 08:07 5245089                    /usr/lib/x86_64-linux-gnu/libm.so.6
7211cc7ff000-7211cc800000 rw-p 000e5000 08:07 5245089                    /usr/lib/x86_64-linux-gnu/libm.so.6
7211cc800000-7211cca53000 r--p 00000000 08:07 6750014                    /home/rashmika/.vscode/extensions/redhat.java-1.35.1-linux-x64/jre/17.0.12-linux-x86_64/lib/server/libjvm.so
7211cca53000-7211cd77b000 r-xp 00253000 08:07 6750014                    /home/rashmika/.vscode/extensions/redhat.java-1.35.1-linux-x64/jre/17.0.12-linux-x86_64/lib/server/libjvm.so
7211cd77b000-7211cda08000 r--p 00f7b000 08:07 6750014                    /home/rashmika/.vscode/extensions/redhat.java-1.35.1-linux-x64/jre/17.0.12-linux-x86_64/lib/server/libjvm.so
7211cda08000-7211cdac1000 r--p 01207000 08:07 6750014                    /home/rashmika/.vscode/extensions/redhat.java-1.35.1-linux-x64/jre/17.0.12-linux-x86_64/lib/server/libjvm.so
7211cdac1000-7211cdaf6000 rw-p 012c0000 08:07 6750014                    /home/rashmika/.vscode/extensions/redhat.java-1.35.1-linux-x64/jre/17.0.12-linux-x86_64/lib/server/libjvm.so
7211cdaf6000-7211cdb50000 rw-p 00000000 00:00 0 
7211cdb58000-7211cdb59000 r--p 00000000 07:04 238                        /snap/code/172/usr/lib/locale/aa_ET/LC_NUMERIC
7211cdb59000-7211cdb5a000 r--p 00000000 07:04 2383                       /snap/code/172/usr/lib/locale/en_US.utf8/LC_TIME
7211cdb5a000-7211cdb61000 r--s 00000000 08:07 5902598                    /usr/lib/x86_64-linux-gnu/gconv/gconv-modules.cache
7211cdb61000-7211cdbb6000 rw-p 00000000 00:00 0 
7211cdbb6000-7211cdbc4000 r--p 00000000 08:07 6748210                    /home/rashmika/.vscode/extensions/redhat.java-1.35.1-linux-x64/jre/17.0.12-linux-x86_64/lib/libjava.so
7211cdbc4000-7211cdbd6000 r-xp 0000e000 08:07 6748210                    /home/rashmika/.vscode/extensions/redhat.java-1.35.1-linux-x64/jre/17.0.12-linux-x86_64/lib/libjava.so
7211cdbd6000-7211cdbdc000 r--p 00020000 08:07 6748210                    /home/rashmika/.vscode/extensions/redhat.java-1.35.1-linux-x64/jre/17.0.12-linux-x86_64/lib/libjava.so
7211cdbdc000-7211cdbdd000 ---p 00026000 08:07 6748210                    /home/rashmika/.vscode/extensions/redhat.java-1.35.1-linux-x64/jre/17.0.12-linux-x86_64/lib/libjava.so
7211cdbdd000-7211cdbde000 r--p 00026000 08:07 6748210                    /home/rashmika/.vscode/extensions/redhat.java-1.35.1-linux-x64/jre/17.0.12-linux-x86_64/lib/libjava.so
7211cdbde000-7211cdbdf000 rw-p 00027000 08:07 6748210                    /home/rashmika/.vscode/extensions/redhat.java-1.35.1-linux-x64/jre/17.0.12-linux-x86_64/lib/libjava.so
7211cdbdf000-7211cdbe0000 rw-p 00000000 00:00 0 
7211cdbe0000-7211cdbe4000 r--p 00000000 08:07 6748181                    /home/rashmika/.vscode/extensions/redhat.java-1.35.1-linux-x64/jre/17.0.12-linux-x86_64/lib/libjimage.so
7211cdbe4000-7211cdbf7000 r-xp 00004000 08:07 6748181                    /home/rashmika/.vscode/extensions/redhat.java-1.35.1-linux-x64/jre/17.0.12-linux-x86_64/lib/libjimage.so
7211cdbf7000-7211cdbfd000 r--p 00017000 08:07 6748181                    /home/rashmika/.vscode/extensions/redhat.java-1.35.1-linux-x64/jre/17.0.12-linux-x86_64/lib/libjimage.so
7211cdbfd000-7211cdbff000 r--p 0001c000 08:07 6748181                    /home/rashmika/.vscode/extensions/redhat.java-1.35.1-linux-x64/jre/17.0.12-linux-x86_64/lib/libjimage.so
7211cdbff000-7211cdc00000 rw-p 0001e000 08:07 6748181                    /home/rashmika/.vscode/extensions/redhat.java-1.35.1-linux-x64/jre/17.0.12-linux-x86_64/lib/libjimage.so
7211cdc00000-7211cdc28000 r--p 00000000 08:07 5245022                    /usr/lib/x86_64-linux-gnu/libc.so.6
7211cdc28000-7211cddbd000 r-xp 00028000 08:07 5245022                    /usr/lib/x86_64-linux-gnu/libc.so.6
7211cddbd000-7211cde15000 r--p 001bd000 08:07 5245022                    /usr/lib/x86_64-linux-gnu/libc.so.6
7211cde15000-7211cde16000 ---p 00215000 08:07 5245022                    /usr/lib/x86_64-linux-gnu/libc.so.6
7211cde16000-7211cde1a000 r--p 00215000 08:07 5245022                    /usr/lib/x86_64-linux-gnu/libc.so.6
7211cde1a000-7211cde1c000 rw-p 00219000 08:07 5245022                    /usr/lib/x86_64-linux-gnu/libc.so.6
7211cde1c000-7211cde29000 rw-p 00000000 00:00 0 
7211cde29000-7211cde2a000 r--p 00000000 07:04 1426                       /snap/code/172/usr/lib/locale/chr_US/LC_MONETARY
7211cde2a000-7211cde2f000 rw-p 00000000 00:00 0 
7211cde2f000-7211cde36000 ---p 00000000 00:00 0 
7211cde36000-7211cde3e000 rw-s 00000000 08:07 2365593                    /tmp/hsperfdata_rashmika/31996
7211cde3e000-7211cde3f000 r--p 00000000 08:07 5245174                    /usr/lib/x86_64-linux-gnu/librt.so.1
7211cde3f000-7211cde40000 r-xp 00001000 08:07 5245174                    /usr/lib/x86_64-linux-gnu/librt.so.1
7211cde40000-7211cde41000 r--p 00002000 08:07 5245174                    /usr/lib/x86_64-linux-gnu/librt.so.1
7211cde41000-7211cde42000 r--p 00002000 08:07 5245174                    /usr/lib/x86_64-linux-gnu/librt.so.1
7211cde42000-7211cde43000 rw-p 00003000 08:07 5245174                    /usr/lib/x86_64-linux-gnu/librt.so.1
7211cde43000-7211cde45000 rw-p 00000000 00:00 0 
7211cde45000-7211cde46000 r--p 00000000 08:07 5245063                    /usr/lib/x86_64-linux-gnu/libdl.so.2
7211cde46000-7211cde47000 r-xp 00001000 08:07 5245063                    /usr/lib/x86_64-linux-gnu/libdl.so.2
7211cde47000-7211cde48000 r--p 00002000 08:07 5245063                    /usr/lib/x86_64-linux-gnu/libdl.so.2
7211cde48000-7211cde49000 r--p 00002000 08:07 5245063                    /usr/lib/x86_64-linux-gnu/libdl.so.2
7211cde49000-7211cde4a000 rw-p 00003000 08:07 5245063                    /usr/lib/x86_64-linux-gnu/libdl.so.2
7211cde4a000-7211cde4b000 r--p 00000000 08:07 5245150                    /usr/lib/x86_64-linux-gnu/libpthread.so.0
7211cde4b000-7211cde4c000 r-xp 00001000 08:07 5245150                    /usr/lib/x86_64-linux-gnu/libpthread.so.0
7211cde4c000-7211cde4d000 r--p 00002000 08:07 5245150                    /usr/lib/x86_64-linux-gnu/libpthread.so.0
7211cde4d000-7211cde4e000 r--p 00002000 08:07 5245150                    /usr/lib/x86_64-linux-gnu/libpthread.so.0
7211cde4e000-7211cde4f000 rw-p 00003000 08:07 5245150                    /usr/lib/x86_64-linux-gnu/libpthread.so.0
7211cde4f000-7211cde50000 r--p 00000000 07:04 1957                       /snap/code/172/usr/lib/locale/en_AG/LC_MESSAGES/SYS_LC_MESSAGES
7211cde50000-7211cde51000 r--p 00000000 07:04 1429                       /snap/code/172/usr/lib/locale/chr_US/LC_PAPER
7211cde51000-7211cde52000 r--p 00000000 07:04 1105                       /snap/code/172/usr/lib/locale/bi_VU/LC_NAME
7211cde52000-7211cde53000 r--p 00000000 07:04 2371                       /snap/code/172/usr/lib/locale/en_US.utf8/LC_ADDRESS
7211cde53000-7211cde54000 r--p 00000000 07:04 1430                       /snap/code/172/usr/lib/locale/chr_US/LC_TELEPHONE
7211cde54000-7211cde55000 r--p 00000000 07:04 1423                       /snap/code/172/usr/lib/locale/chr_US/LC_MEASUREMENT
7211cde55000-7211cde56000 r--p 00000000 07:04 2374                       /snap/code/172/usr/lib/locale/en_US.utf8/LC_IDENTIFICATION
7211cde56000-7211cde58000 r--p 00000000 08:07 6748245                    /home/rashmika/.vscode/extensions/redhat.java-1.35.1-linux-x64/jre/17.0.12-linux-x86_64/lib/libinstrument.so
7211cde58000-7211cde5e000 r-xp 00002000 08:07 6748245                    /home/rashmika/.vscode/extensions/redhat.java-1.35.1-linux-x64/jre/17.0.12-linux-x86_64/lib/libinstrument.so
7211cde5e000-7211cde61000 r--p 00008000 08:07 6748245                    /home/rashmika/.vscode/extensions/redhat.java-1.35.1-linux-x64/jre/17.0.12-linux-x86_64/lib/libinstrument.so
7211cde61000-7211cde62000 r--p 0000a000 08:07 6748245                    /home/rashmika/.vscode/extensions/redhat.java-1.35.1-linux-x64/jre/17.0.12-linux-x86_64/lib/libinstrument.so
7211cde62000-7211cde63000 rw-p 0000b000 08:07 6748245                    /home/rashmika/.vscode/extensions/redhat.java-1.35.1-linux-x64/jre/17.0.12-linux-x86_64/lib/libinstrument.so
7211cde63000-7211cde64000 ---p 00000000 00:00 0 
7211cde64000-7211cde65000 r--p 00000000 00:00 0 
7211cde65000-7211cde68000 r--p 00000000 08:07 6748178                    /home/rashmika/.vscode/extensions/redhat.java-1.35.1-linux-x64/jre/17.0.12-linux-x86_64/lib/libjli.so
7211cde68000-7211cde78000 r-xp 00003000 08:07 6748178                    /home/rashmika/.vscode/extensions/redhat.java-1.35.1-linux-x64/jre/17.0.12-linux-x86_64/lib/libjli.so
7211cde78000-7211cde7f000 r--p 00013000 08:07 6748178                    /home/rashmika/.vscode/extensions/redhat.java-1.35.1-linux-x64/jre/17.0.12-linux-x86_64/lib/libjli.so
7211cde7f000-7211cde80000 r--p 00019000 08:07 6748178                    /home/rashmika/.vscode/extensions/redhat.java-1.35.1-linux-x64/jre/17.0.12-linux-x86_64/lib/libjli.so
7211cde80000-7211cde81000 rw-p 0001a000 08:07 6748178                    /home/rashmika/.vscode/extensions/redhat.java-1.35.1-linux-x64/jre/17.0.12-linux-x86_64/lib/libjli.so
7211cde81000-7211cde83000 rw-p 00000000 00:00 0 
7211cde83000-7211cde85000 r--p 00000000 08:07 5242996                    /usr/lib/x86_64-linux-gnu/ld-linux-x86-64.so.2
7211cde85000-7211cdeaf000 r-xp 00002000 08:07 5242996                    /usr/lib/x86_64-linux-gnu/ld-linux-x86-64.so.2
7211cdeaf000-7211cdeba000 r--p 0002c000 08:07 5242996                    /usr/lib/x86_64-linux-gnu/ld-linux-x86-64.so.2
7211cdeba000-7211cdebb000 ---p 00000000 00:00 0 
7211cdebb000-7211cdebd000 r--p 00037000 08:07 5242996                    /usr/lib/x86_64-linux-gnu/ld-linux-x86-64.so.2
7211cdebd000-7211cdebf000 rw-p 00039000 08:07 5242996                    /usr/lib/x86_64-linux-gnu/ld-linux-x86-64.so.2
7ffd7db15000-7ffd7db37000 rw-p 00000000 00:00 0                          [stack]
7ffd7db55000-7ffd7db59000 r--p 00000000 00:00 0                          [vvar]
7ffd7db59000-7ffd7db5b000 r-xp 00000000 00:00 0                          [vdso]
ffffffffff600000-ffffffffff601000 --xp 00000000 00:00 0                  [vsyscall]


VM Arguments:
jvm_args: --add-modules=ALL-SYSTEM --add-opens=java.base/java.util=ALL-UNNAMED --add-opens=java.base/java.lang=ALL-UNNAMED --add-opens=java.base/sun.nio.fs=ALL-UNNAMED -Declipse.application=org.eclipse.jdt.ls.core.id1 -Dosgi.bundles.defaultStartLevel=4 -Declipse.product=org.eclipse.jdt.ls.core.product -Djava.import.generatesMetadataFilesAtProjectRoot=false -DDetectVMInstallationsJob.disabled=true -Dfile.encoding=utf8 -XX:+UseParallelGC -XX:GCTimeRatio=4 -XX:AdaptiveSizePolicyWeight=90 -Dsun.zip.disableMemoryMapping=true -Xmx1G -Xms100m -Xlog:disable -javaagent:/home/rashmika/.vscode/extensions/redhat.java-1.35.1-linux-x64/lombok/lombok-1.18.33.jar -XX:+HeapDumpOnOutOfMemoryError -XX:HeapDumpPath=/home/rashmika/.config/Code/User/workspaceStorage/ebf93d7abb2c435aa9a1e64d6c76e27b/redhat.java -Daether.dependencyCollector.impl=bf 
java_command: /home/rashmika/.vscode/extensions/redhat.java-1.35.1-linux-x64/server/plugins/org.eclipse.equinox.launcher_1.6.900.v20240613-2009.jar -configuration /home/rashmika/.config/Code/User/globalStorage/redhat.java/1.35.1/config_linux -data /home/rashmika/.config/Code/User/workspaceStorage/ebf93d7abb2c435aa9a1e64d6c76e27b/redhat.java/jdt_ws --pipe=/run/user/1000/lsp-9ed22a9fc6cdb9b9b9971cc405e53054.sock
java_class_path (initial): /home/rashmika/.vscode/extensions/redhat.java-1.35.1-linux-x64/server/plugins/org.eclipse.equinox.launcher_1.6.900.v20240613-2009.jar
Launcher Type: SUN_STANDARD

[Global flags]
    uintx AdaptiveSizePolicyWeight                 = 90                                        {product} {command line}
     intx CICompilerCount                          = 4                                         {product} {ergonomic}
    uintx GCTimeRatio                              = 4                                         {product} {command line}
     bool HeapDumpOnOutOfMemoryError               = true                                   {manageable} {command line}
    ccstr HeapDumpPath                             = /home/rashmika/.config/Code/User/workspaceStorage/ebf93d7abb2c435aa9a1e64d6c76e27b/redhat.java         {manageable} {command line}
   size_t InitialHeapSize                          = 104857600                                 {product} {command line}
   size_t MaxHeapSize                              = 1073741824                                {product} {command line}
   size_t MaxNewSize                               = 357564416                                 {product} {ergonomic}
   size_t MinHeapDeltaBytes                        = 524288                                    {product} {ergonomic}
   size_t MinHeapSize                              = 104857600                                 {product} {command line}
   size_t NewSize                                  = 34603008                                  {product} {ergonomic}
    uintx NonNMethodCodeHeapSize                   = 5839372                                {pd product} {ergonomic}
    uintx NonProfiledCodeHeapSize                  = 122909434                              {pd product} {ergonomic}
   size_t OldSize                                  = 70254592                                  {product} {ergonomic}
    uintx ProfiledCodeHeapSize                     = 122909434                              {pd product} {ergonomic}
    uintx ReservedCodeCacheSize                    = 251658240                              {pd product} {ergonomic}
     bool SegmentedCodeCache                       = true                                      {product} {ergonomic}
   size_t SoftMaxHeapSize                          = 1073741824                             {manageable} {ergonomic}
     bool UseCompressedClassPointers               = true                           {product lp64_product} {ergonomic}
     bool UseCompressedOops                        = true                           {product lp64_product} {ergonomic}
     bool UseParallelGC                            = true                                      {product} {command line}

Logging:
Log output configuration:
 #0: stdout all=off uptime,level,tags
 #1: stderr all=off uptime,level,tags

Environment Variables:
JAVA_HOME=/usr/lib/jvm/java-17-oracle
PATH=/home/rashmika/.local/bin:/home/rashmika/.nvm/versions/node/v20.18.0/bin:/home/rashmika/.local/bin:/usr/local/sbin:/usr/local/bin:/usr/sbin:/usr/bin:/sbin:/bin:/usr/games:/usr/local/games:/snap/bin:/snap/bin:/usr/lib/jvm/java-17-oracle/bin:/usr/lib/jvm/java-17-oracle/db/bin:/home/rashmika/.local/share/JetBrains/Toolbox/scripts:/usr/lib/jvm/java-17-oracle/bin:/usr/lib/jvm/java-17-oracle/db/bin:/home/rashmika/.local/share/JetBrains/Toolbox/scripts
USERNAME=rashmika
SHELL=/bin/bash
DISPLAY=:1
LANG=en_US.UTF-8
LC_NUMERIC=en_US.UTF-8
LC_TIME=en_US.UTF-8

Active Locale:
LC_ALL=en_US.UTF-8
LC_COLLATE=en_US.UTF-8
LC_CTYPE=en_US.UTF-8
LC_MESSAGES=en_US.UTF-8
LC_MONETARY=en_US.UTF-8
LC_NUMERIC=en_US.UTF-8
LC_TIME=en_US.UTF-8

Signal Handlers:
   SIGSEGV: crash_handler in libjvm.so, mask=11100100010111111101111111111110, flags=SA_RESTART|SA_SIGINFO, unblocked
    SIGBUS: crash_handler in libjvm.so, mask=11100100010111111101111111111110, flags=SA_RESTART|SA_SIGINFO, unblocked
    SIGFPE: crash_handler in libjvm.so, mask=11100100010111111101111111111110, flags=SA_RESTART|SA_SIGINFO, unblocked
   SIGPIPE: javaSignalHandler in libjvm.so, mask=11100100010111111101111111111110, flags=SA_RESTART|SA_SIGINFO, blocked
   SIGXFSZ: javaSignalHandler in libjvm.so, mask=11100100010111111101111111111110, flags=SA_RESTART|SA_SIGINFO, blocked
    SIGILL: crash_handler in libjvm.so, mask=11100100010111111101111111111110, flags=SA_RESTART|SA_SIGINFO, unblocked
   SIGUSR2: SR_handler in libjvm.so, mask=00000000000000000000000000000000, flags=SA_RESTART|SA_SIGINFO, blocked
    SIGHUP: UserHandler in libjvm.so, mask=11100100010111111101111111111110, flags=SA_RESTART|SA_SIGINFO, blocked
    SIGINT: UserHandler in libjvm.so, mask=11100100010111111101111111111110, flags=SA_RESTART|SA_SIGINFO, blocked
   SIGTERM: UserHandler in libjvm.so, mask=11100100010111111101111111111110, flags=SA_RESTART|SA_SIGINFO, blocked
   SIGQUIT: UserHandler in libjvm.so, mask=11100100010111111101111111111110, flags=SA_RESTART|SA_SIGINFO, blocked
   SIGTRAP: crash_handler in libjvm.so, mask=11100100010111111101111111111110, flags=SA_RESTART|SA_SIGINFO, unblocked


Periodic native trim disabled


---------------  S Y S T E M  ---------------

OS:
DISTRIB_ID=Ubuntu
DISTRIB_RELEASE=22.04
DISTRIB_CODENAME=jammy
DISTRIB_DESCRIPTION="Ubuntu 22.04.5 LTS"
uname: Linux 6.8.0-47-generic #47~22.04.1-Ubuntu SMP PREEMPT_DYNAMIC Wed Oct  2 16:16:55 UTC 2 x86_64
OS uptime: 0 days 4:57 hours
libc: glibc 2.35 NPTL 2.35 
rlimit (soft/hard): STACK 8192k/infinity , CORE 0k/infinity , NPROC 79122/79122 , NOFILE 1048576/1048576 , AS infinity/infinity , CPU infinity/infinity , DATA infinity/infinity , FSIZE infinity/infinity , MEMLOCK 2541636k/2541636k
load average: 12.79 7.59 5.11

/proc/meminfo:
MemTotal:       20333116 kB
MemFree:         2975024 kB
MemAvailable:    8477848 kB
Buffers:          364492 kB
Cached:          6222392 kB
SwapCached:            0 kB
Active:         13090260 kB
Inactive:        2548784 kB
Active(anon):   10065820 kB
Inactive(anon):        0 kB
Active(file):    3024440 kB
Inactive(file):  2548784 kB
Unevictable:      851068 kB
Mlocked:              80 kB
SwapTotal:             0 kB
SwapFree:              0 kB
Zswap:                 0 kB
Zswapped:              0 kB
Dirty:               124 kB
Writeback:           176 kB
AnonPages:       9903468 kB
Mapped:          2305252 kB
Shmem:           1013660 kB
KReclaimable:     299784 kB
Slab:             603516 kB
SReclaimable:     299784 kB
SUnreclaim:       303732 kB
KernelStack:       29356 kB
PageTables:       104652 kB
SecPageTables:         0 kB
NFS_Unstable:          0 kB
Bounce:                0 kB
WritebackTmp:          0 kB
CommitLimit:    10166556 kB
Committed_AS:   34360080 kB
VmallocTotal:   34359738367 kB
VmallocUsed:       67360 kB
VmallocChunk:          0 kB
Percpu:             9760 kB
HardwareCorrupted:     0 kB
AnonHugePages:         0 kB
ShmemHugePages:   761856 kB
ShmemPmdMapped:        0 kB
FileHugePages:         0 kB
FilePmdMapped:         0 kB
Unaccepted:            0 kB
HugePages_Total:       0
HugePages_Free:        0
HugePages_Rsvd:        0
HugePages_Surp:        0
Hugepagesize:       2048 kB
Hugetlb:               0 kB
DirectMap4k:      244348 kB
DirectMap2M:     4851712 kB
DirectMap1G:    15728640 kB

/sys/kernel/mm/transparent_hugepage/enabled: always [madvise] never
/sys/kernel/mm/transparent_hugepage/hpage_pmd_size: 2097152
/sys/kernel/mm/transparent_hugepage/defrag (defrag/compaction efforts parameter): always defer defer+madvise [madvise] never

Process Memory:
Virtual Size: 6683332K (peak: 6686136K)
Resident Set Size: 709992K (peak: 709992K) (anon: 580840K, file: 129152K, shmem: 0K)
Swapped out: 0K
C-Heap outstanding allocations: 98692K, retained: 85811K
glibc malloc tunables: (default)

/proc/sys/kernel/threads-max (system-wide limit on the number of threads): 158244
/proc/sys/vm/max_map_count (maximum number of memory map areas a process may have): 65530
/proc/sys/vm/swappiness (control to define how aggressively the kernel swaps out anonymous memory): 60
/proc/sys/kernel/pid_max (system-wide limit on number of process identifiers): 4194304

container (cgroup) information:
container_type: cgroupv2
cpu_cpuset_cpus: not supported
cpu_memory_nodes: not supported
active_processor_count: 8
cpu_quota: not supported
cpu_period: not supported
cpu_shares: not supported
memory_limit_in_bytes: unlimited
memory_and_swap_limit_in_bytes: unlimited
memory_soft_limit_in_bytes: unlimited
memory_usage_in_bytes: 3310492 k
memory_max_usage_in_bytes: not supported
memory_swap_current_in_bytes: unlimited
memory_swap_max_limit_in_bytes: unlimited
maximum number of tasks: 23736
current number of tasks: 329

Steal ticks since vm start: 0
Steal ticks percentage since vm start:  0.000

CPU: total 8 (initial active 8) (4 cores per cpu, 2 threads per core) family 6 model 142 stepping 11 microcode 0xf6, cx8, cmov, fxsr, ht, mmx, 3dnowpref, sse, sse2, sse3, ssse3, sse4.1, sse4.2, popcnt, lzcnt, tsc, tscinvbit, avx, avx2, aes, erms, clmul, bmi1, bmi2, adx, fma, vzeroupper, clflush, clflushopt
CPU Model and flags from /proc/cpuinfo:
model name	: Intel(R) Core(TM) i7-8565U CPU @ 1.80GHz
flags		: fpu vme de pse tsc msr pae mce cx8 apic sep mtrr pge mca cmov pat pse36 clflush dts acpi mmx fxsr sse sse2 ss ht tm pbe syscall nx pdpe1gb rdtscp lm constant_tsc art arch_perfmon pebs bts rep_good nopl xtopology nonstop_tsc cpuid aperfmperf pni pclmulqdq dtes64 monitor ds_cpl vmx est tm2 ssse3 sdbg fma cx16 xtpr pdcm pcid sse4_1 sse4_2 x2apic movbe popcnt tsc_deadline_timer aes xsave avx f16c rdrand lahf_lm abm 3dnowprefetch cpuid_fault epb ssbd ibrs ibpb stibp tpr_shadow flexpriority ept vpid ept_ad fsgsbase tsc_adjust bmi1 avx2 smep bmi2 erms invpcid mpx rdseed adx smap clflushopt intel_pt xsaveopt xsavec xgetbv1 xsaves dtherm ida arat pln pts hwp hwp_notify hwp_act_window hwp_epp vnmi md_clear flush_l1d arch_capabilities

Online cpus: 0-7
Offline cpus: 
BIOS frequency limitation: <Not Available>
Frequency switch latency (ns): 0
Available cpu frequencies: <Not Available>
Current governor: powersave
Core performance/turbo boost: <Not Available>

Memory: 4k page, physical 20333116k(2975024k free), swap 0k(0k free)
Page Sizes: 4k

vm_info: OpenJDK 64-Bit Server VM (17.0.12+7) for linux-amd64 JRE (17.0.12+7), built on Jul 16 2024 00:00:00 by "admin" with gcc 10.3.0

END.
