
  .   ____          _            __ _ _
 /\\ / ___'_ __ _ _(_)_ __  __ _ \ \ \ \
( ( )\___ | '_ | '_| | '_ \/ _` | \ \ \ \
 \\/  ___)| |_)| | | | | || (_| |  ) ) ) )
  '  |____| .__|_| |_|_| |_\__, | / / / /
 =========|_|==============|___/=/_/_/_/

 :: Spring Boot ::                (v3.3.1)

2024-11-12T17:56:26.526+05:30  INFO 32500 --- [JayathilakaPosBackedWithPrinter] [           main] yathilakaPosBackedWithPrinterApplication : Starting JayathilakaPosBackedWithPrinterApplication v0.0.1-SNAPSHOT using Java 21.0.4 with PID 32500 (D:\Rashmika\PaysheetPrinter_JayathilakaRiceProducts\JayathilakaPosBackedWithPrinter-0.0.1-SNAPSHOT.jar started by acer in D:\Rashmika\PaysheetPrinter_JayathilakaRiceProducts)
2024-11-12T17:56:26.542+05:30  INFO 32500 --- [JayathilakaPosBackedWithPrinter] [           main] yathilakaPosBackedWithPrinterApplication : No active profile set, falling back to 1 default profile: "default"
2024-11-12T17:56:27.770+05:30  INFO 32500 --- [JayathilakaPosBackedWithPrinter] [           main] .s.d.r.c.RepositoryConfigurationDelegate : Bootstrapping Spring Data JPA repositories in DEFAULT mode.
2024-11-12T17:56:27.862+05:30  INFO 32500 --- [JayathilakaPosBackedWithPrinter] [           main] .s.d.r.c.RepositoryConfigurationDelegate : Finished Spring Data repository scanning in 69 ms. Found 1 JPA repository interface.
2024-11-12T17:56:28.728+05:30  INFO 32500 --- [JayathilakaPosBackedWithPrinter] [           main] o.s.b.w.embedded.tomcat.TomcatWebServer  : Tomcat initialized with port 8085 (http)
2024-11-12T17:56:28.753+05:30  INFO 32500 --- [JayathilakaPosBackedWithPrinter] [           main] o.apache.catalina.core.StandardService   : Starting service [Tomcat]
2024-11-12T17:56:28.753+05:30  INFO 32500 --- [JayathilakaPosBackedWithPrinter] [           main] o.apache.catalina.core.StandardEngine    : Starting Servlet engine: [Apache Tomcat/10.1.25]
2024-11-12T17:56:28.821+05:30  INFO 32500 --- [JayathilakaPosBackedWithPrinter] [           main] o.a.c.c.C.[Tomcat].[localhost].[/]       : Initializing Spring embedded WebApplicationContext
2024-11-12T17:56:28.822+05:30  INFO 32500 --- [JayathilakaPosBackedWithPrinter] [           main] w.s.c.ServletWebServerApplicationContext : Root WebApplicationContext: initialization completed in 2170 ms
2024-11-12T17:56:29.117+05:30  INFO 32500 --- [JayathilakaPosBackedWithPrinter] [           main] o.hibernate.jpa.internal.util.LogHelper  : HHH000204: Processing PersistenceUnitInfo [name: default]
2024-11-12T17:56:29.245+05:30  INFO 32500 --- [JayathilakaPosBackedWithPrinter] [           main] org.hibernate.Version                    : HHH000412: Hibernate ORM core version 6.5.2.Final
2024-11-12T17:56:29.295+05:30  INFO 32500 --- [JayathilakaPosBackedWithPrinter] [           main] o.h.c.internal.RegionFactoryInitiator    : HHH000026: Second-level cache disabled
2024-11-12T17:56:29.796+05:30  INFO 32500 --- [JayathilakaPosBackedWithPrinter] [           main] o.s.o.j.p.SpringPersistenceUnitInfo      : No LoadTimeWeaver setup: ignoring JPA class transformer
2024-11-12T17:56:29.853+05:30  INFO 32500 --- [JayathilakaPosBackedWithPrinter] [           main] com.zaxxer.hikari.HikariDataSource       : HikariPool-1 - Starting...
2024-11-12T17:56:30.432+05:30  INFO 32500 --- [JayathilakaPosBackedWithPrinter] [           main] com.zaxxer.hikari.pool.HikariPool        : HikariPool-1 - Added connection com.mysql.cj.jdbc.ConnectionImpl@55053f81
2024-11-12T17:56:30.436+05:30  INFO 32500 --- [JayathilakaPosBackedWithPrinter] [           main] com.zaxxer.hikari.HikariDataSource       : HikariPool-1 - Start completed.
2024-11-12T17:56:31.630+05:30  INFO 32500 --- [JayathilakaPosBackedWithPrinter] [           main] o.h.e.t.j.p.i.JtaPlatformInitiator       : HHH000489: No JTA platform available (set 'hibernate.transaction.jta.platform' to enable JTA platform integration)
2024-11-12T17:56:31.696+05:30  INFO 32500 --- [JayathilakaPosBackedWithPrinter] [           main] j.LocalContainerEntityManagerFactoryBean : Initialized JPA EntityManagerFactory for persistence unit 'default'
2024-11-12T17:56:32.140+05:30  INFO 32500 --- [JayathilakaPosBackedWithPrinter] [           main] o.s.d.j.r.query.QueryEnhancerFactory     : Hibernate is in classpath; If applicable, HQL parser will be used.
2024-11-12T17:56:32.861+05:30  WARN 32500 --- [JayathilakaPosBackedWithPrinter] [           main] JpaBaseConfiguration$JpaWebConfiguration : spring.jpa.open-in-view is enabled by default. Therefore, database queries may be performed during view rendering. Explicitly configure spring.jpa.open-in-view to disable this warning
2024-11-12T17:56:33.458+05:30  INFO 32500 --- [JayathilakaPosBackedWithPrinter] [           main] o.s.b.w.embedded.tomcat.TomcatWebServer  : Tomcat started on port 8085 (http) with context path '/'
2024-11-12T17:56:33.487+05:30  INFO 32500 --- [JayathilakaPosBackedWithPrinter] [           main] yathilakaPosBackedWithPrinterApplication : Started JayathilakaPosBackedWithPrinterApplication in 7.627 seconds (process running for 8.803)
